[2022-05-19 19:26:37,808] {taskinstance.py:1032} INFO - Dependencies all met for <TaskInstance: data_ingestion_gcs_dag.local_to_gcs_task scheduled__2022-05-18T00:00:00+00:00 [queued]>
[2022-05-19 19:26:37,851] {taskinstance.py:1032} INFO - Dependencies all met for <TaskInstance: data_ingestion_gcs_dag.local_to_gcs_task scheduled__2022-05-18T00:00:00+00:00 [queued]>
[2022-05-19 19:26:37,853] {taskinstance.py:1238} INFO - 
--------------------------------------------------------------------------------
[2022-05-19 19:26:37,854] {taskinstance.py:1239} INFO - Starting attempt 1 of 2
[2022-05-19 19:26:37,856] {taskinstance.py:1240} INFO - 
--------------------------------------------------------------------------------
[2022-05-19 19:26:37,901] {taskinstance.py:1259} INFO - Executing <Task(PythonOperator): local_to_gcs_task> on 2022-05-18 00:00:00+00:00
[2022-05-19 19:26:37,921] {standard_task_runner.py:52} INFO - Started process 1070 to run task
[2022-05-19 19:26:37,940] {standard_task_runner.py:76} INFO - Running: ['***', 'tasks', 'run', 'data_ingestion_gcs_dag', 'local_to_gcs_task', 'scheduled__2022-05-18T00:00:00+00:00', '--job-id', '5', '--raw', '--subdir', 'DAGS_FOLDER/data_ingestion_gcs_dag.py', '--cfg-path', '/tmp/tmpkya9xkji', '--error-file', '/tmp/tmptf0azc4o']
[2022-05-19 19:26:37,943] {standard_task_runner.py:77} INFO - Job 5: Subtask local_to_gcs_task
[2022-05-19 19:26:38,101] {logging_mixin.py:109} INFO - Running <TaskInstance: data_ingestion_gcs_dag.local_to_gcs_task scheduled__2022-05-18T00:00:00+00:00 [running]> on host e8c3bff0a2d1
[2022-05-19 19:26:38,312] {taskinstance.py:1426} INFO - Exporting the following env vars:
AIRFLOW_CTX_DAG_OWNER=***
AIRFLOW_CTX_DAG_ID=data_ingestion_gcs_dag
AIRFLOW_CTX_TASK_ID=local_to_gcs_task
AIRFLOW_CTX_EXECUTION_DATE=2022-05-18T00:00:00+00:00
AIRFLOW_CTX_DAG_RUN_ID=scheduled__2022-05-18T00:00:00+00:00
[2022-05-19 19:26:38,898] {python.py:175} INFO - Done. Returned value was: None
[2022-05-19 19:26:38,931] {taskinstance.py:1277} INFO - Marking task as SUCCESS. dag_id=data_ingestion_gcs_dag, task_id=local_to_gcs_task, execution_date=20220518T000000, start_date=20220519T192637, end_date=20220519T192638
[2022-05-19 19:26:39,001] {local_task_job.py:154} INFO - Task exited with return code 0
[2022-05-19 19:26:39,093] {local_task_job.py:264} INFO - 1 downstream tasks scheduled from follow-on schedule check
