[2022-05-16 20:22:28,779] {processor.py:153} INFO - Started process (PID=82) to work on /home/airflow/.local/lib/python3.7/site-packages/airflow/example_dags/example_branch_labels.py
[2022-05-16 20:22:28,781] {processor.py:641} INFO - Processing file /home/airflow/.local/lib/python3.7/site-packages/airflow/example_dags/example_branch_labels.py for tasks to queue
[2022-05-16 20:22:28,783] {logging_mixin.py:115} INFO - [2022-05-16 20:22:28,783] {dagbag.py:507} INFO - Filling up the DagBag from /home/airflow/.local/lib/python3.7/site-packages/airflow/example_dags/example_branch_labels.py
[2022-05-16 20:22:28,792] {processor.py:651} INFO - DAG(s) dict_keys(['example_branch_labels']) retrieved from /home/airflow/.local/lib/python3.7/site-packages/airflow/example_dags/example_branch_labels.py
[2022-05-16 20:22:29,034] {logging_mixin.py:115} INFO - [2022-05-16 20:22:29,034] {manager.py:508} INFO - Created Permission View: can delete on DAG:example_branch_labels
[2022-05-16 20:22:29,056] {logging_mixin.py:115} INFO - [2022-05-16 20:22:29,056] {manager.py:508} INFO - Created Permission View: can read on DAG:example_branch_labels
[2022-05-16 20:22:29,065] {logging_mixin.py:115} INFO - [2022-05-16 20:22:29,065] {manager.py:508} INFO - Created Permission View: can edit on DAG:example_branch_labels
[2022-05-16 20:22:29,069] {logging_mixin.py:115} INFO - [2022-05-16 20:22:29,068] {dag.py:2371} INFO - Sync 1 DAGs
[2022-05-16 20:22:29,097] {logging_mixin.py:115} INFO - [2022-05-16 20:22:29,095] {dag.py:2390} INFO - Creating ORM DAG for example_branch_labels
[2022-05-16 20:22:29,132] {logging_mixin.py:115} INFO - [2022-05-16 20:22:29,132] {dag.py:2919} INFO - Setting next_dagrun for example_branch_labels to 2022-05-15T00:00:00+00:00, run_after=2022-05-16T00:00:00+00:00
[2022-05-16 20:22:29,147] {processor.py:161} INFO - Processing /home/airflow/.local/lib/python3.7/site-packages/airflow/example_dags/example_branch_labels.py took 0.373 seconds
[2022-05-16 20:22:59,606] {processor.py:153} INFO - Started process (PID=146) to work on /home/airflow/.local/lib/python3.7/site-packages/airflow/example_dags/example_branch_labels.py
[2022-05-16 20:22:59,608] {processor.py:641} INFO - Processing file /home/airflow/.local/lib/python3.7/site-packages/airflow/example_dags/example_branch_labels.py for tasks to queue
[2022-05-16 20:22:59,610] {logging_mixin.py:115} INFO - [2022-05-16 20:22:59,610] {dagbag.py:507} INFO - Filling up the DagBag from /home/airflow/.local/lib/python3.7/site-packages/airflow/example_dags/example_branch_labels.py
[2022-05-16 20:22:59,616] {processor.py:651} INFO - DAG(s) dict_keys(['example_branch_labels']) retrieved from /home/airflow/.local/lib/python3.7/site-packages/airflow/example_dags/example_branch_labels.py
[2022-05-16 20:22:59,643] {logging_mixin.py:115} INFO - [2022-05-16 20:22:59,643] {dag.py:2371} INFO - Sync 1 DAGs
[2022-05-16 20:22:59,664] {logging_mixin.py:115} INFO - [2022-05-16 20:22:59,664] {dag.py:2919} INFO - Setting next_dagrun for example_branch_labels to 2022-05-15T00:00:00+00:00, run_after=2022-05-16T00:00:00+00:00
[2022-05-16 20:22:59,678] {processor.py:161} INFO - Processing /home/airflow/.local/lib/python3.7/site-packages/airflow/example_dags/example_branch_labels.py took 0.074 seconds
[2022-05-16 20:23:30,185] {processor.py:153} INFO - Started process (PID=214) to work on /home/airflow/.local/lib/python3.7/site-packages/airflow/example_dags/example_branch_labels.py
[2022-05-16 20:23:30,187] {processor.py:641} INFO - Processing file /home/airflow/.local/lib/python3.7/site-packages/airflow/example_dags/example_branch_labels.py for tasks to queue
[2022-05-16 20:23:30,188] {logging_mixin.py:115} INFO - [2022-05-16 20:23:30,188] {dagbag.py:507} INFO - Filling up the DagBag from /home/airflow/.local/lib/python3.7/site-packages/airflow/example_dags/example_branch_labels.py
[2022-05-16 20:23:30,198] {processor.py:651} INFO - DAG(s) dict_keys(['example_branch_labels']) retrieved from /home/airflow/.local/lib/python3.7/site-packages/airflow/example_dags/example_branch_labels.py
[2022-05-16 20:23:30,238] {logging_mixin.py:115} INFO - [2022-05-16 20:23:30,238] {dag.py:2371} INFO - Sync 1 DAGs
[2022-05-16 20:23:30,257] {logging_mixin.py:115} INFO - [2022-05-16 20:23:30,257] {dag.py:2919} INFO - Setting next_dagrun for example_branch_labels to 2022-05-15T00:00:00+00:00, run_after=2022-05-16T00:00:00+00:00
[2022-05-16 20:23:30,267] {processor.py:161} INFO - Processing /home/airflow/.local/lib/python3.7/site-packages/airflow/example_dags/example_branch_labels.py took 0.086 seconds
[2022-05-16 20:24:00,805] {processor.py:153} INFO - Started process (PID=279) to work on /home/airflow/.local/lib/python3.7/site-packages/airflow/example_dags/example_branch_labels.py
[2022-05-16 20:24:00,807] {processor.py:641} INFO - Processing file /home/airflow/.local/lib/python3.7/site-packages/airflow/example_dags/example_branch_labels.py for tasks to queue
[2022-05-16 20:24:00,808] {logging_mixin.py:115} INFO - [2022-05-16 20:24:00,808] {dagbag.py:507} INFO - Filling up the DagBag from /home/airflow/.local/lib/python3.7/site-packages/airflow/example_dags/example_branch_labels.py
[2022-05-16 20:24:00,812] {processor.py:651} INFO - DAG(s) dict_keys(['example_branch_labels']) retrieved from /home/airflow/.local/lib/python3.7/site-packages/airflow/example_dags/example_branch_labels.py
[2022-05-16 20:24:00,832] {logging_mixin.py:115} INFO - [2022-05-16 20:24:00,832] {dag.py:2371} INFO - Sync 1 DAGs
[2022-05-16 20:24:00,859] {logging_mixin.py:115} INFO - [2022-05-16 20:24:00,859] {dag.py:2919} INFO - Setting next_dagrun for example_branch_labels to 2022-05-15T00:00:00+00:00, run_after=2022-05-16T00:00:00+00:00
[2022-05-16 20:24:00,881] {processor.py:161} INFO - Processing /home/airflow/.local/lib/python3.7/site-packages/airflow/example_dags/example_branch_labels.py took 0.079 seconds
[2022-05-16 20:24:31,263] {processor.py:153} INFO - Started process (PID=332) to work on /home/airflow/.local/lib/python3.7/site-packages/airflow/example_dags/example_branch_labels.py
[2022-05-16 20:24:31,265] {processor.py:641} INFO - Processing file /home/airflow/.local/lib/python3.7/site-packages/airflow/example_dags/example_branch_labels.py for tasks to queue
[2022-05-16 20:24:31,267] {logging_mixin.py:115} INFO - [2022-05-16 20:24:31,266] {dagbag.py:507} INFO - Filling up the DagBag from /home/airflow/.local/lib/python3.7/site-packages/airflow/example_dags/example_branch_labels.py
[2022-05-16 20:24:31,272] {processor.py:651} INFO - DAG(s) dict_keys(['example_branch_labels']) retrieved from /home/airflow/.local/lib/python3.7/site-packages/airflow/example_dags/example_branch_labels.py
[2022-05-16 20:24:31,290] {logging_mixin.py:115} INFO - [2022-05-16 20:24:31,290] {dag.py:2371} INFO - Sync 1 DAGs
[2022-05-16 20:24:31,307] {logging_mixin.py:115} INFO - [2022-05-16 20:24:31,307] {dag.py:2919} INFO - Setting next_dagrun for example_branch_labels to 2022-05-15T00:00:00+00:00, run_after=2022-05-16T00:00:00+00:00
[2022-05-16 20:24:31,318] {processor.py:161} INFO - Processing /home/airflow/.local/lib/python3.7/site-packages/airflow/example_dags/example_branch_labels.py took 0.060 seconds
[2022-05-16 20:25:01,945] {processor.py:153} INFO - Started process (PID=397) to work on /home/airflow/.local/lib/python3.7/site-packages/airflow/example_dags/example_branch_labels.py
[2022-05-16 20:25:01,947] {processor.py:641} INFO - Processing file /home/airflow/.local/lib/python3.7/site-packages/airflow/example_dags/example_branch_labels.py for tasks to queue
[2022-05-16 20:25:01,949] {logging_mixin.py:115} INFO - [2022-05-16 20:25:01,949] {dagbag.py:507} INFO - Filling up the DagBag from /home/airflow/.local/lib/python3.7/site-packages/airflow/example_dags/example_branch_labels.py
[2022-05-16 20:25:01,955] {processor.py:651} INFO - DAG(s) dict_keys(['example_branch_labels']) retrieved from /home/airflow/.local/lib/python3.7/site-packages/airflow/example_dags/example_branch_labels.py
[2022-05-16 20:25:01,980] {logging_mixin.py:115} INFO - [2022-05-16 20:25:01,979] {dag.py:2371} INFO - Sync 1 DAGs
[2022-05-16 20:25:02,001] {logging_mixin.py:115} INFO - [2022-05-16 20:25:02,001] {dag.py:2919} INFO - Setting next_dagrun for example_branch_labels to 2022-05-15T00:00:00+00:00, run_after=2022-05-16T00:00:00+00:00
[2022-05-16 20:25:02,023] {processor.py:161} INFO - Processing /home/airflow/.local/lib/python3.7/site-packages/airflow/example_dags/example_branch_labels.py took 0.081 seconds
[2022-05-16 20:25:32,880] {processor.py:153} INFO - Started process (PID=461) to work on /home/airflow/.local/lib/python3.7/site-packages/airflow/example_dags/example_branch_labels.py
[2022-05-16 20:25:32,883] {processor.py:641} INFO - Processing file /home/airflow/.local/lib/python3.7/site-packages/airflow/example_dags/example_branch_labels.py for tasks to queue
[2022-05-16 20:25:32,885] {logging_mixin.py:115} INFO - [2022-05-16 20:25:32,885] {dagbag.py:507} INFO - Filling up the DagBag from /home/airflow/.local/lib/python3.7/site-packages/airflow/example_dags/example_branch_labels.py
[2022-05-16 20:25:32,890] {processor.py:651} INFO - DAG(s) dict_keys(['example_branch_labels']) retrieved from /home/airflow/.local/lib/python3.7/site-packages/airflow/example_dags/example_branch_labels.py
[2022-05-16 20:25:32,913] {logging_mixin.py:115} INFO - [2022-05-16 20:25:32,913] {dag.py:2371} INFO - Sync 1 DAGs
[2022-05-16 20:25:32,929] {logging_mixin.py:115} INFO - [2022-05-16 20:25:32,929] {dag.py:2919} INFO - Setting next_dagrun for example_branch_labels to 2022-05-15T00:00:00+00:00, run_after=2022-05-16T00:00:00+00:00
[2022-05-16 20:25:32,938] {processor.py:161} INFO - Processing /home/airflow/.local/lib/python3.7/site-packages/airflow/example_dags/example_branch_labels.py took 0.062 seconds
[2022-05-16 20:26:03,539] {processor.py:153} INFO - Started process (PID=525) to work on /home/airflow/.local/lib/python3.7/site-packages/airflow/example_dags/example_branch_labels.py
[2022-05-16 20:26:03,545] {processor.py:641} INFO - Processing file /home/airflow/.local/lib/python3.7/site-packages/airflow/example_dags/example_branch_labels.py for tasks to queue
[2022-05-16 20:26:03,580] {logging_mixin.py:115} INFO - [2022-05-16 20:26:03,579] {dagbag.py:507} INFO - Filling up the DagBag from /home/airflow/.local/lib/python3.7/site-packages/airflow/example_dags/example_branch_labels.py
[2022-05-16 20:26:03,624] {processor.py:651} INFO - DAG(s) dict_keys(['example_branch_labels']) retrieved from /home/airflow/.local/lib/python3.7/site-packages/airflow/example_dags/example_branch_labels.py
[2022-05-16 20:26:03,661] {logging_mixin.py:115} INFO - [2022-05-16 20:26:03,661] {dag.py:2371} INFO - Sync 1 DAGs
[2022-05-16 20:26:03,681] {logging_mixin.py:115} INFO - [2022-05-16 20:26:03,681] {dag.py:2919} INFO - Setting next_dagrun for example_branch_labels to 2022-05-15T00:00:00+00:00, run_after=2022-05-16T00:00:00+00:00
[2022-05-16 20:26:03,696] {processor.py:161} INFO - Processing /home/airflow/.local/lib/python3.7/site-packages/airflow/example_dags/example_branch_labels.py took 0.168 seconds
[2022-05-16 20:26:34,456] {processor.py:153} INFO - Started process (PID=590) to work on /home/airflow/.local/lib/python3.7/site-packages/airflow/example_dags/example_branch_labels.py
[2022-05-16 20:26:34,459] {processor.py:641} INFO - Processing file /home/airflow/.local/lib/python3.7/site-packages/airflow/example_dags/example_branch_labels.py for tasks to queue
[2022-05-16 20:26:34,462] {logging_mixin.py:115} INFO - [2022-05-16 20:26:34,462] {dagbag.py:507} INFO - Filling up the DagBag from /home/airflow/.local/lib/python3.7/site-packages/airflow/example_dags/example_branch_labels.py
[2022-05-16 20:26:34,470] {processor.py:651} INFO - DAG(s) dict_keys(['example_branch_labels']) retrieved from /home/airflow/.local/lib/python3.7/site-packages/airflow/example_dags/example_branch_labels.py
[2022-05-16 20:26:34,492] {logging_mixin.py:115} INFO - [2022-05-16 20:26:34,492] {dag.py:2371} INFO - Sync 1 DAGs
[2022-05-16 20:26:34,520] {logging_mixin.py:115} INFO - [2022-05-16 20:26:34,520] {dag.py:2919} INFO - Setting next_dagrun for example_branch_labels to 2022-05-15T00:00:00+00:00, run_after=2022-05-16T00:00:00+00:00
[2022-05-16 20:26:34,558] {processor.py:161} INFO - Processing /home/airflow/.local/lib/python3.7/site-packages/airflow/example_dags/example_branch_labels.py took 0.108 seconds
