[2022-05-16 20:22:27,606] {processor.py:153} INFO - Started process (PID=75) to work on /home/airflow/.local/lib/python3.7/site-packages/airflow/example_dags/example_latest_only.py
[2022-05-16 20:22:27,613] {processor.py:641} INFO - Processing file /home/airflow/.local/lib/python3.7/site-packages/airflow/example_dags/example_latest_only.py for tasks to queue
[2022-05-16 20:22:27,615] {logging_mixin.py:115} INFO - [2022-05-16 20:22:27,615] {dagbag.py:507} INFO - Filling up the DagBag from /home/airflow/.local/lib/python3.7/site-packages/airflow/example_dags/example_latest_only.py
[2022-05-16 20:22:27,627] {processor.py:651} INFO - DAG(s) dict_keys(['latest_only']) retrieved from /home/airflow/.local/lib/python3.7/site-packages/airflow/example_dags/example_latest_only.py
[2022-05-16 20:22:27,807] {logging_mixin.py:115} INFO - [2022-05-16 20:22:27,806] {manager.py:508} INFO - Created Permission View: can delete on DAG:latest_only
[2022-05-16 20:22:27,817] {logging_mixin.py:115} INFO - [2022-05-16 20:22:27,817] {manager.py:508} INFO - Created Permission View: can read on DAG:latest_only
[2022-05-16 20:22:27,825] {logging_mixin.py:115} INFO - [2022-05-16 20:22:27,825] {manager.py:508} INFO - Created Permission View: can edit on DAG:latest_only
[2022-05-16 20:22:27,827] {logging_mixin.py:115} INFO - [2022-05-16 20:22:27,827] {dag.py:2371} INFO - Sync 1 DAGs
[2022-05-16 20:22:27,836] {logging_mixin.py:115} INFO - [2022-05-16 20:22:27,836] {dag.py:2390} INFO - Creating ORM DAG for latest_only
[2022-05-16 20:22:27,847] {logging_mixin.py:115} INFO - [2022-05-16 20:22:27,847] {dag.py:2919} INFO - Setting next_dagrun for latest_only to 2022-05-16T16:22:27.847607+00:00, run_after=2022-05-16T20:22:27.847607+00:00
[2022-05-16 20:22:27,860] {processor.py:161} INFO - Processing /home/airflow/.local/lib/python3.7/site-packages/airflow/example_dags/example_latest_only.py took 0.256 seconds
[2022-05-16 20:22:58,081] {processor.py:153} INFO - Started process (PID=139) to work on /home/airflow/.local/lib/python3.7/site-packages/airflow/example_dags/example_latest_only.py
[2022-05-16 20:22:58,082] {processor.py:641} INFO - Processing file /home/airflow/.local/lib/python3.7/site-packages/airflow/example_dags/example_latest_only.py for tasks to queue
[2022-05-16 20:22:58,084] {logging_mixin.py:115} INFO - [2022-05-16 20:22:58,084] {dagbag.py:507} INFO - Filling up the DagBag from /home/airflow/.local/lib/python3.7/site-packages/airflow/example_dags/example_latest_only.py
[2022-05-16 20:22:58,089] {processor.py:651} INFO - DAG(s) dict_keys(['latest_only']) retrieved from /home/airflow/.local/lib/python3.7/site-packages/airflow/example_dags/example_latest_only.py
[2022-05-16 20:22:58,110] {logging_mixin.py:115} INFO - [2022-05-16 20:22:58,110] {dag.py:2371} INFO - Sync 1 DAGs
[2022-05-16 20:22:58,125] {logging_mixin.py:115} INFO - [2022-05-16 20:22:58,125] {dag.py:2919} INFO - Setting next_dagrun for latest_only to 2022-05-16T16:22:58.124890+00:00, run_after=2022-05-16T20:22:58.124890+00:00
[2022-05-16 20:22:58,133] {processor.py:161} INFO - Processing /home/airflow/.local/lib/python3.7/site-packages/airflow/example_dags/example_latest_only.py took 0.055 seconds
[2022-05-16 20:23:28,665] {processor.py:153} INFO - Started process (PID=207) to work on /home/airflow/.local/lib/python3.7/site-packages/airflow/example_dags/example_latest_only.py
[2022-05-16 20:23:28,666] {processor.py:641} INFO - Processing file /home/airflow/.local/lib/python3.7/site-packages/airflow/example_dags/example_latest_only.py for tasks to queue
[2022-05-16 20:23:28,667] {logging_mixin.py:115} INFO - [2022-05-16 20:23:28,667] {dagbag.py:507} INFO - Filling up the DagBag from /home/airflow/.local/lib/python3.7/site-packages/airflow/example_dags/example_latest_only.py
[2022-05-16 20:23:28,671] {processor.py:651} INFO - DAG(s) dict_keys(['latest_only']) retrieved from /home/airflow/.local/lib/python3.7/site-packages/airflow/example_dags/example_latest_only.py
[2022-05-16 20:23:28,691] {logging_mixin.py:115} INFO - [2022-05-16 20:23:28,691] {dag.py:2371} INFO - Sync 1 DAGs
[2022-05-16 20:23:28,711] {logging_mixin.py:115} INFO - [2022-05-16 20:23:28,711] {dag.py:2919} INFO - Setting next_dagrun for latest_only to 2022-05-16T16:23:28.711587+00:00, run_after=2022-05-16T20:23:28.711587+00:00
[2022-05-16 20:23:28,724] {processor.py:161} INFO - Processing /home/airflow/.local/lib/python3.7/site-packages/airflow/example_dags/example_latest_only.py took 0.061 seconds
[2022-05-16 20:23:59,259] {processor.py:153} INFO - Started process (PID=261) to work on /home/airflow/.local/lib/python3.7/site-packages/airflow/example_dags/example_latest_only.py
[2022-05-16 20:23:59,261] {processor.py:641} INFO - Processing file /home/airflow/.local/lib/python3.7/site-packages/airflow/example_dags/example_latest_only.py for tasks to queue
[2022-05-16 20:23:59,262] {logging_mixin.py:115} INFO - [2022-05-16 20:23:59,262] {dagbag.py:507} INFO - Filling up the DagBag from /home/airflow/.local/lib/python3.7/site-packages/airflow/example_dags/example_latest_only.py
[2022-05-16 20:23:59,266] {processor.py:651} INFO - DAG(s) dict_keys(['latest_only']) retrieved from /home/airflow/.local/lib/python3.7/site-packages/airflow/example_dags/example_latest_only.py
[2022-05-16 20:23:59,287] {logging_mixin.py:115} INFO - [2022-05-16 20:23:59,286] {dag.py:2371} INFO - Sync 1 DAGs
[2022-05-16 20:23:59,304] {logging_mixin.py:115} INFO - [2022-05-16 20:23:59,304] {dag.py:2919} INFO - Setting next_dagrun for latest_only to 2022-05-16T16:23:59.303931+00:00, run_after=2022-05-16T20:23:59.303931+00:00
[2022-05-16 20:23:59,314] {processor.py:161} INFO - Processing /home/airflow/.local/lib/python3.7/site-packages/airflow/example_dags/example_latest_only.py took 0.057 seconds
[2022-05-16 20:24:29,694] {processor.py:153} INFO - Started process (PID=325) to work on /home/airflow/.local/lib/python3.7/site-packages/airflow/example_dags/example_latest_only.py
[2022-05-16 20:24:29,696] {processor.py:641} INFO - Processing file /home/airflow/.local/lib/python3.7/site-packages/airflow/example_dags/example_latest_only.py for tasks to queue
[2022-05-16 20:24:29,696] {logging_mixin.py:115} INFO - [2022-05-16 20:24:29,696] {dagbag.py:507} INFO - Filling up the DagBag from /home/airflow/.local/lib/python3.7/site-packages/airflow/example_dags/example_latest_only.py
[2022-05-16 20:24:29,700] {processor.py:651} INFO - DAG(s) dict_keys(['latest_only']) retrieved from /home/airflow/.local/lib/python3.7/site-packages/airflow/example_dags/example_latest_only.py
[2022-05-16 20:24:29,717] {logging_mixin.py:115} INFO - [2022-05-16 20:24:29,717] {dag.py:2371} INFO - Sync 1 DAGs
[2022-05-16 20:24:29,731] {logging_mixin.py:115} INFO - [2022-05-16 20:24:29,731] {dag.py:2919} INFO - Setting next_dagrun for latest_only to 2022-05-16T16:24:29.731428+00:00, run_after=2022-05-16T20:24:29.731428+00:00
[2022-05-16 20:24:29,740] {processor.py:161} INFO - Processing /home/airflow/.local/lib/python3.7/site-packages/airflow/example_dags/example_latest_only.py took 0.048 seconds
[2022-05-16 20:25:00,428] {processor.py:153} INFO - Started process (PID=390) to work on /home/airflow/.local/lib/python3.7/site-packages/airflow/example_dags/example_latest_only.py
[2022-05-16 20:25:00,430] {processor.py:641} INFO - Processing file /home/airflow/.local/lib/python3.7/site-packages/airflow/example_dags/example_latest_only.py for tasks to queue
[2022-05-16 20:25:00,432] {logging_mixin.py:115} INFO - [2022-05-16 20:25:00,432] {dagbag.py:507} INFO - Filling up the DagBag from /home/airflow/.local/lib/python3.7/site-packages/airflow/example_dags/example_latest_only.py
[2022-05-16 20:25:00,437] {processor.py:651} INFO - DAG(s) dict_keys(['latest_only']) retrieved from /home/airflow/.local/lib/python3.7/site-packages/airflow/example_dags/example_latest_only.py
[2022-05-16 20:25:00,463] {logging_mixin.py:115} INFO - [2022-05-16 20:25:00,463] {dag.py:2371} INFO - Sync 1 DAGs
[2022-05-16 20:25:00,482] {logging_mixin.py:115} INFO - [2022-05-16 20:25:00,482] {dag.py:2919} INFO - Setting next_dagrun for latest_only to 2022-05-16T16:25:00.482176+00:00, run_after=2022-05-16T20:25:00.482176+00:00
[2022-05-16 20:25:00,494] {processor.py:161} INFO - Processing /home/airflow/.local/lib/python3.7/site-packages/airflow/example_dags/example_latest_only.py took 0.069 seconds
[2022-05-16 20:25:31,236] {processor.py:153} INFO - Started process (PID=454) to work on /home/airflow/.local/lib/python3.7/site-packages/airflow/example_dags/example_latest_only.py
[2022-05-16 20:25:31,237] {processor.py:641} INFO - Processing file /home/airflow/.local/lib/python3.7/site-packages/airflow/example_dags/example_latest_only.py for tasks to queue
[2022-05-16 20:25:31,238] {logging_mixin.py:115} INFO - [2022-05-16 20:25:31,238] {dagbag.py:507} INFO - Filling up the DagBag from /home/airflow/.local/lib/python3.7/site-packages/airflow/example_dags/example_latest_only.py
[2022-05-16 20:25:31,243] {processor.py:651} INFO - DAG(s) dict_keys(['latest_only']) retrieved from /home/airflow/.local/lib/python3.7/site-packages/airflow/example_dags/example_latest_only.py
[2022-05-16 20:25:31,268] {logging_mixin.py:115} INFO - [2022-05-16 20:25:31,268] {dag.py:2371} INFO - Sync 1 DAGs
[2022-05-16 20:25:31,284] {logging_mixin.py:115} INFO - [2022-05-16 20:25:31,284] {dag.py:2919} INFO - Setting next_dagrun for latest_only to 2022-05-16T16:25:31.283932+00:00, run_after=2022-05-16T20:25:31.283932+00:00
[2022-05-16 20:25:31,293] {processor.py:161} INFO - Processing /home/airflow/.local/lib/python3.7/site-packages/airflow/example_dags/example_latest_only.py took 0.059 seconds
[2022-05-16 20:26:02,543] {processor.py:153} INFO - Started process (PID=518) to work on /home/airflow/.local/lib/python3.7/site-packages/airflow/example_dags/example_latest_only.py
[2022-05-16 20:26:02,544] {processor.py:641} INFO - Processing file /home/airflow/.local/lib/python3.7/site-packages/airflow/example_dags/example_latest_only.py for tasks to queue
[2022-05-16 20:26:02,545] {logging_mixin.py:115} INFO - [2022-05-16 20:26:02,545] {dagbag.py:507} INFO - Filling up the DagBag from /home/airflow/.local/lib/python3.7/site-packages/airflow/example_dags/example_latest_only.py
[2022-05-16 20:26:02,549] {processor.py:651} INFO - DAG(s) dict_keys(['latest_only']) retrieved from /home/airflow/.local/lib/python3.7/site-packages/airflow/example_dags/example_latest_only.py
[2022-05-16 20:26:02,567] {logging_mixin.py:115} INFO - [2022-05-16 20:26:02,567] {dag.py:2371} INFO - Sync 1 DAGs
[2022-05-16 20:26:02,589] {logging_mixin.py:115} INFO - [2022-05-16 20:26:02,589] {dag.py:2919} INFO - Setting next_dagrun for latest_only to 2022-05-16T16:26:02.589144+00:00, run_after=2022-05-16T20:26:02.589144+00:00
[2022-05-16 20:26:02,605] {processor.py:161} INFO - Processing /home/airflow/.local/lib/python3.7/site-packages/airflow/example_dags/example_latest_only.py took 0.065 seconds
[2022-05-16 20:26:33,584] {processor.py:153} INFO - Started process (PID=581) to work on /home/airflow/.local/lib/python3.7/site-packages/airflow/example_dags/example_latest_only.py
[2022-05-16 20:26:33,587] {processor.py:641} INFO - Processing file /home/airflow/.local/lib/python3.7/site-packages/airflow/example_dags/example_latest_only.py for tasks to queue
[2022-05-16 20:26:33,588] {logging_mixin.py:115} INFO - [2022-05-16 20:26:33,588] {dagbag.py:507} INFO - Filling up the DagBag from /home/airflow/.local/lib/python3.7/site-packages/airflow/example_dags/example_latest_only.py
[2022-05-16 20:26:33,594] {processor.py:651} INFO - DAG(s) dict_keys(['latest_only']) retrieved from /home/airflow/.local/lib/python3.7/site-packages/airflow/example_dags/example_latest_only.py
[2022-05-16 20:26:33,622] {logging_mixin.py:115} INFO - [2022-05-16 20:26:33,622] {dag.py:2371} INFO - Sync 1 DAGs
[2022-05-16 20:26:33,644] {logging_mixin.py:115} INFO - [2022-05-16 20:26:33,644] {dag.py:2919} INFO - Setting next_dagrun for latest_only to 2022-05-16T16:26:33.644129+00:00, run_after=2022-05-16T20:26:33.644129+00:00
[2022-05-16 20:26:33,657] {processor.py:161} INFO - Processing /home/airflow/.local/lib/python3.7/site-packages/airflow/example_dags/example_latest_only.py took 0.077 seconds
