[2022-05-16 20:22:25,971] {processor.py:153} INFO - Started process (PID=67) to work on /home/airflow/.local/lib/python3.7/site-packages/airflow/example_dags/example_bash_operator.py
[2022-05-16 20:22:25,972] {processor.py:641} INFO - Processing file /home/airflow/.local/lib/python3.7/site-packages/airflow/example_dags/example_bash_operator.py for tasks to queue
[2022-05-16 20:22:25,976] {logging_mixin.py:115} INFO - [2022-05-16 20:22:25,976] {dagbag.py:507} INFO - Filling up the DagBag from /home/airflow/.local/lib/python3.7/site-packages/airflow/example_dags/example_bash_operator.py
[2022-05-16 20:22:26,003] {processor.py:651} INFO - DAG(s) dict_keys(['example_bash_operator']) retrieved from /home/airflow/.local/lib/python3.7/site-packages/airflow/example_dags/example_bash_operator.py
[2022-05-16 20:22:26,238] {logging_mixin.py:115} INFO - [2022-05-16 20:22:26,237] {manager.py:508} INFO - Created Permission View: can delete on DAG:example_bash_operator
[2022-05-16 20:22:26,252] {logging_mixin.py:115} INFO - [2022-05-16 20:22:26,252] {manager.py:508} INFO - Created Permission View: can read on DAG:example_bash_operator
[2022-05-16 20:22:26,258] {logging_mixin.py:115} INFO - [2022-05-16 20:22:26,258] {manager.py:508} INFO - Created Permission View: can edit on DAG:example_bash_operator
[2022-05-16 20:22:26,260] {logging_mixin.py:115} INFO - [2022-05-16 20:22:26,260] {dag.py:2371} INFO - Sync 1 DAGs
[2022-05-16 20:22:26,266] {logging_mixin.py:115} INFO - [2022-05-16 20:22:26,266] {dag.py:2390} INFO - Creating ORM DAG for example_bash_operator
[2022-05-16 20:22:26,277] {logging_mixin.py:115} INFO - [2022-05-16 20:22:26,277] {dag.py:2919} INFO - Setting next_dagrun for example_bash_operator to 2022-05-15T00:00:00+00:00, run_after=2022-05-16T00:00:00+00:00
[2022-05-16 20:22:26,297] {processor.py:161} INFO - Processing /home/airflow/.local/lib/python3.7/site-packages/airflow/example_dags/example_bash_operator.py took 0.329 seconds
[2022-05-16 20:22:56,404] {processor.py:153} INFO - Started process (PID=131) to work on /home/airflow/.local/lib/python3.7/site-packages/airflow/example_dags/example_bash_operator.py
[2022-05-16 20:22:56,406] {processor.py:641} INFO - Processing file /home/airflow/.local/lib/python3.7/site-packages/airflow/example_dags/example_bash_operator.py for tasks to queue
[2022-05-16 20:22:56,407] {logging_mixin.py:115} INFO - [2022-05-16 20:22:56,407] {dagbag.py:507} INFO - Filling up the DagBag from /home/airflow/.local/lib/python3.7/site-packages/airflow/example_dags/example_bash_operator.py
[2022-05-16 20:22:56,414] {processor.py:651} INFO - DAG(s) dict_keys(['example_bash_operator']) retrieved from /home/airflow/.local/lib/python3.7/site-packages/airflow/example_dags/example_bash_operator.py
[2022-05-16 20:22:56,430] {logging_mixin.py:115} INFO - [2022-05-16 20:22:56,430] {dag.py:2371} INFO - Sync 1 DAGs
[2022-05-16 20:22:56,443] {logging_mixin.py:115} INFO - [2022-05-16 20:22:56,443] {dag.py:2919} INFO - Setting next_dagrun for example_bash_operator to 2022-05-15T00:00:00+00:00, run_after=2022-05-16T00:00:00+00:00
[2022-05-16 20:22:56,451] {processor.py:161} INFO - Processing /home/airflow/.local/lib/python3.7/site-packages/airflow/example_dags/example_bash_operator.py took 0.048 seconds
[2022-05-16 20:23:27,173] {processor.py:153} INFO - Started process (PID=188) to work on /home/airflow/.local/lib/python3.7/site-packages/airflow/example_dags/example_bash_operator.py
[2022-05-16 20:23:27,174] {processor.py:641} INFO - Processing file /home/airflow/.local/lib/python3.7/site-packages/airflow/example_dags/example_bash_operator.py for tasks to queue
[2022-05-16 20:23:27,175] {logging_mixin.py:115} INFO - [2022-05-16 20:23:27,175] {dagbag.py:507} INFO - Filling up the DagBag from /home/airflow/.local/lib/python3.7/site-packages/airflow/example_dags/example_bash_operator.py
[2022-05-16 20:23:27,182] {processor.py:651} INFO - DAG(s) dict_keys(['example_bash_operator']) retrieved from /home/airflow/.local/lib/python3.7/site-packages/airflow/example_dags/example_bash_operator.py
[2022-05-16 20:23:27,198] {logging_mixin.py:115} INFO - [2022-05-16 20:23:27,198] {dag.py:2371} INFO - Sync 1 DAGs
[2022-05-16 20:23:27,212] {logging_mixin.py:115} INFO - [2022-05-16 20:23:27,212] {dag.py:2919} INFO - Setting next_dagrun for example_bash_operator to 2022-05-15T00:00:00+00:00, run_after=2022-05-16T00:00:00+00:00
[2022-05-16 20:23:27,219] {processor.py:161} INFO - Processing /home/airflow/.local/lib/python3.7/site-packages/airflow/example_dags/example_bash_operator.py took 0.047 seconds
[2022-05-16 20:23:57,792] {processor.py:153} INFO - Started process (PID=253) to work on /home/airflow/.local/lib/python3.7/site-packages/airflow/example_dags/example_bash_operator.py
[2022-05-16 20:23:57,794] {processor.py:641} INFO - Processing file /home/airflow/.local/lib/python3.7/site-packages/airflow/example_dags/example_bash_operator.py for tasks to queue
[2022-05-16 20:23:57,795] {logging_mixin.py:115} INFO - [2022-05-16 20:23:57,795] {dagbag.py:507} INFO - Filling up the DagBag from /home/airflow/.local/lib/python3.7/site-packages/airflow/example_dags/example_bash_operator.py
[2022-05-16 20:23:57,802] {processor.py:651} INFO - DAG(s) dict_keys(['example_bash_operator']) retrieved from /home/airflow/.local/lib/python3.7/site-packages/airflow/example_dags/example_bash_operator.py
[2022-05-16 20:23:57,825] {logging_mixin.py:115} INFO - [2022-05-16 20:23:57,825] {dag.py:2371} INFO - Sync 1 DAGs
[2022-05-16 20:23:57,843] {logging_mixin.py:115} INFO - [2022-05-16 20:23:57,843] {dag.py:2919} INFO - Setting next_dagrun for example_bash_operator to 2022-05-15T00:00:00+00:00, run_after=2022-05-16T00:00:00+00:00
[2022-05-16 20:23:57,859] {processor.py:161} INFO - Processing /home/airflow/.local/lib/python3.7/site-packages/airflow/example_dags/example_bash_operator.py took 0.068 seconds
[2022-05-16 20:24:28,242] {processor.py:153} INFO - Started process (PID=317) to work on /home/airflow/.local/lib/python3.7/site-packages/airflow/example_dags/example_bash_operator.py
[2022-05-16 20:24:28,244] {processor.py:641} INFO - Processing file /home/airflow/.local/lib/python3.7/site-packages/airflow/example_dags/example_bash_operator.py for tasks to queue
[2022-05-16 20:24:28,244] {logging_mixin.py:115} INFO - [2022-05-16 20:24:28,244] {dagbag.py:507} INFO - Filling up the DagBag from /home/airflow/.local/lib/python3.7/site-packages/airflow/example_dags/example_bash_operator.py
[2022-05-16 20:24:28,259] {processor.py:651} INFO - DAG(s) dict_keys(['example_bash_operator']) retrieved from /home/airflow/.local/lib/python3.7/site-packages/airflow/example_dags/example_bash_operator.py
[2022-05-16 20:24:28,281] {logging_mixin.py:115} INFO - [2022-05-16 20:24:28,281] {dag.py:2371} INFO - Sync 1 DAGs
[2022-05-16 20:24:28,297] {logging_mixin.py:115} INFO - [2022-05-16 20:24:28,297] {dag.py:2919} INFO - Setting next_dagrun for example_bash_operator to 2022-05-15T00:00:00+00:00, run_after=2022-05-16T00:00:00+00:00
[2022-05-16 20:24:28,306] {processor.py:161} INFO - Processing /home/airflow/.local/lib/python3.7/site-packages/airflow/example_dags/example_bash_operator.py took 0.067 seconds
[2022-05-16 20:24:58,900] {processor.py:153} INFO - Started process (PID=382) to work on /home/airflow/.local/lib/python3.7/site-packages/airflow/example_dags/example_bash_operator.py
[2022-05-16 20:24:58,902] {processor.py:641} INFO - Processing file /home/airflow/.local/lib/python3.7/site-packages/airflow/example_dags/example_bash_operator.py for tasks to queue
[2022-05-16 20:24:58,905] {logging_mixin.py:115} INFO - [2022-05-16 20:24:58,905] {dagbag.py:507} INFO - Filling up the DagBag from /home/airflow/.local/lib/python3.7/site-packages/airflow/example_dags/example_bash_operator.py
[2022-05-16 20:24:58,916] {processor.py:651} INFO - DAG(s) dict_keys(['example_bash_operator']) retrieved from /home/airflow/.local/lib/python3.7/site-packages/airflow/example_dags/example_bash_operator.py
[2022-05-16 20:24:58,937] {logging_mixin.py:115} INFO - [2022-05-16 20:24:58,937] {dag.py:2371} INFO - Sync 1 DAGs
[2022-05-16 20:24:58,953] {logging_mixin.py:115} INFO - [2022-05-16 20:24:58,953] {dag.py:2919} INFO - Setting next_dagrun for example_bash_operator to 2022-05-15T00:00:00+00:00, run_after=2022-05-16T00:00:00+00:00
[2022-05-16 20:24:58,962] {processor.py:161} INFO - Processing /home/airflow/.local/lib/python3.7/site-packages/airflow/example_dags/example_bash_operator.py took 0.064 seconds
[2022-05-16 20:25:29,733] {processor.py:153} INFO - Started process (PID=446) to work on /home/airflow/.local/lib/python3.7/site-packages/airflow/example_dags/example_bash_operator.py
[2022-05-16 20:25:29,735] {processor.py:641} INFO - Processing file /home/airflow/.local/lib/python3.7/site-packages/airflow/example_dags/example_bash_operator.py for tasks to queue
[2022-05-16 20:25:29,736] {logging_mixin.py:115} INFO - [2022-05-16 20:25:29,736] {dagbag.py:507} INFO - Filling up the DagBag from /home/airflow/.local/lib/python3.7/site-packages/airflow/example_dags/example_bash_operator.py
[2022-05-16 20:25:29,745] {processor.py:651} INFO - DAG(s) dict_keys(['example_bash_operator']) retrieved from /home/airflow/.local/lib/python3.7/site-packages/airflow/example_dags/example_bash_operator.py
[2022-05-16 20:25:29,764] {logging_mixin.py:115} INFO - [2022-05-16 20:25:29,764] {dag.py:2371} INFO - Sync 1 DAGs
[2022-05-16 20:25:29,778] {logging_mixin.py:115} INFO - [2022-05-16 20:25:29,778] {dag.py:2919} INFO - Setting next_dagrun for example_bash_operator to 2022-05-15T00:00:00+00:00, run_after=2022-05-16T00:00:00+00:00
[2022-05-16 20:25:29,786] {processor.py:161} INFO - Processing /home/airflow/.local/lib/python3.7/site-packages/airflow/example_dags/example_bash_operator.py took 0.055 seconds
[2022-05-16 20:26:00,425] {processor.py:153} INFO - Started process (PID=510) to work on /home/airflow/.local/lib/python3.7/site-packages/airflow/example_dags/example_bash_operator.py
[2022-05-16 20:26:00,426] {processor.py:641} INFO - Processing file /home/airflow/.local/lib/python3.7/site-packages/airflow/example_dags/example_bash_operator.py for tasks to queue
[2022-05-16 20:26:00,427] {logging_mixin.py:115} INFO - [2022-05-16 20:26:00,427] {dagbag.py:507} INFO - Filling up the DagBag from /home/airflow/.local/lib/python3.7/site-packages/airflow/example_dags/example_bash_operator.py
[2022-05-16 20:26:00,442] {processor.py:651} INFO - DAG(s) dict_keys(['example_bash_operator']) retrieved from /home/airflow/.local/lib/python3.7/site-packages/airflow/example_dags/example_bash_operator.py
[2022-05-16 20:26:00,485] {logging_mixin.py:115} INFO - [2022-05-16 20:26:00,485] {dag.py:2371} INFO - Sync 1 DAGs
[2022-05-16 20:26:00,514] {logging_mixin.py:115} INFO - [2022-05-16 20:26:00,513] {dag.py:2919} INFO - Setting next_dagrun for example_bash_operator to 2022-05-15T00:00:00+00:00, run_after=2022-05-16T00:00:00+00:00
[2022-05-16 20:26:00,530] {processor.py:161} INFO - Processing /home/airflow/.local/lib/python3.7/site-packages/airflow/example_dags/example_bash_operator.py took 0.107 seconds
[2022-05-16 20:26:30,800] {processor.py:153} INFO - Started process (PID=565) to work on /home/airflow/.local/lib/python3.7/site-packages/airflow/example_dags/example_bash_operator.py
[2022-05-16 20:26:30,802] {processor.py:641} INFO - Processing file /home/airflow/.local/lib/python3.7/site-packages/airflow/example_dags/example_bash_operator.py for tasks to queue
[2022-05-16 20:26:30,804] {logging_mixin.py:115} INFO - [2022-05-16 20:26:30,804] {dagbag.py:507} INFO - Filling up the DagBag from /home/airflow/.local/lib/python3.7/site-packages/airflow/example_dags/example_bash_operator.py
[2022-05-16 20:26:30,814] {processor.py:651} INFO - DAG(s) dict_keys(['example_bash_operator']) retrieved from /home/airflow/.local/lib/python3.7/site-packages/airflow/example_dags/example_bash_operator.py
[2022-05-16 20:26:30,835] {logging_mixin.py:115} INFO - [2022-05-16 20:26:30,835] {dag.py:2371} INFO - Sync 1 DAGs
[2022-05-16 20:26:30,858] {logging_mixin.py:115} INFO - [2022-05-16 20:26:30,858] {dag.py:2919} INFO - Setting next_dagrun for example_bash_operator to 2022-05-15T00:00:00+00:00, run_after=2022-05-16T00:00:00+00:00
[2022-05-16 20:26:30,881] {processor.py:161} INFO - Processing /home/airflow/.local/lib/python3.7/site-packages/airflow/example_dags/example_bash_operator.py took 0.084 seconds
