[2022-05-16 20:22:27,948] {processor.py:153} INFO - Started process (PID=78) to work on /home/airflow/.local/lib/python3.7/site-packages/airflow/example_dags/example_local_kubernetes_executor.py
[2022-05-16 20:22:27,950] {processor.py:641} INFO - Processing file /home/airflow/.local/lib/python3.7/site-packages/airflow/example_dags/example_local_kubernetes_executor.py for tasks to queue
[2022-05-16 20:22:27,956] {logging_mixin.py:115} INFO - [2022-05-16 20:22:27,956] {dagbag.py:507} INFO - Filling up the DagBag from /home/airflow/.local/lib/python3.7/site-packages/airflow/example_dags/example_local_kubernetes_executor.py
[2022-05-16 20:22:27,976] {processor.py:651} INFO - DAG(s) dict_keys(['example_local_kubernetes_executor']) retrieved from /home/airflow/.local/lib/python3.7/site-packages/airflow/example_dags/example_local_kubernetes_executor.py
[2022-05-16 20:22:28,128] {logging_mixin.py:115} INFO - [2022-05-16 20:22:28,128] {manager.py:508} INFO - Created Permission View: can delete on DAG:example_local_kubernetes_executor
[2022-05-16 20:22:28,140] {logging_mixin.py:115} INFO - [2022-05-16 20:22:28,140] {manager.py:508} INFO - Created Permission View: can read on DAG:example_local_kubernetes_executor
[2022-05-16 20:22:28,145] {logging_mixin.py:115} INFO - [2022-05-16 20:22:28,145] {manager.py:508} INFO - Created Permission View: can edit on DAG:example_local_kubernetes_executor
[2022-05-16 20:22:28,149] {logging_mixin.py:115} INFO - [2022-05-16 20:22:28,146] {dag.py:2371} INFO - Sync 1 DAGs
[2022-05-16 20:22:28,155] {logging_mixin.py:115} INFO - [2022-05-16 20:22:28,155] {dag.py:2390} INFO - Creating ORM DAG for example_local_kubernetes_executor
[2022-05-16 20:22:28,163] {logging_mixin.py:115} INFO - [2022-05-16 20:22:28,163] {dag.py:2919} INFO - Setting next_dagrun for example_local_kubernetes_executor to None, run_after=None
[2022-05-16 20:22:28,181] {processor.py:161} INFO - Processing /home/airflow/.local/lib/python3.7/site-packages/airflow/example_dags/example_local_kubernetes_executor.py took 0.236 seconds
[2022-05-16 20:22:58,353] {processor.py:153} INFO - Started process (PID=142) to work on /home/airflow/.local/lib/python3.7/site-packages/airflow/example_dags/example_local_kubernetes_executor.py
[2022-05-16 20:22:58,354] {processor.py:641} INFO - Processing file /home/airflow/.local/lib/python3.7/site-packages/airflow/example_dags/example_local_kubernetes_executor.py for tasks to queue
[2022-05-16 20:22:58,355] {logging_mixin.py:115} INFO - [2022-05-16 20:22:58,355] {dagbag.py:507} INFO - Filling up the DagBag from /home/airflow/.local/lib/python3.7/site-packages/airflow/example_dags/example_local_kubernetes_executor.py
[2022-05-16 20:22:58,366] {processor.py:651} INFO - DAG(s) dict_keys(['example_local_kubernetes_executor']) retrieved from /home/airflow/.local/lib/python3.7/site-packages/airflow/example_dags/example_local_kubernetes_executor.py
[2022-05-16 20:22:58,383] {logging_mixin.py:115} INFO - [2022-05-16 20:22:58,383] {dag.py:2371} INFO - Sync 1 DAGs
[2022-05-16 20:22:58,397] {logging_mixin.py:115} INFO - [2022-05-16 20:22:58,397] {dag.py:2919} INFO - Setting next_dagrun for example_local_kubernetes_executor to None, run_after=None
[2022-05-16 20:22:58,494] {processor.py:161} INFO - Processing /home/airflow/.local/lib/python3.7/site-packages/airflow/example_dags/example_local_kubernetes_executor.py took 0.143 seconds
[2022-05-16 20:23:28,904] {processor.py:153} INFO - Started process (PID=210) to work on /home/airflow/.local/lib/python3.7/site-packages/airflow/example_dags/example_local_kubernetes_executor.py
[2022-05-16 20:23:28,906] {processor.py:641} INFO - Processing file /home/airflow/.local/lib/python3.7/site-packages/airflow/example_dags/example_local_kubernetes_executor.py for tasks to queue
[2022-05-16 20:23:28,907] {logging_mixin.py:115} INFO - [2022-05-16 20:23:28,906] {dagbag.py:507} INFO - Filling up the DagBag from /home/airflow/.local/lib/python3.7/site-packages/airflow/example_dags/example_local_kubernetes_executor.py
[2022-05-16 20:23:28,917] {processor.py:651} INFO - DAG(s) dict_keys(['example_local_kubernetes_executor']) retrieved from /home/airflow/.local/lib/python3.7/site-packages/airflow/example_dags/example_local_kubernetes_executor.py
[2022-05-16 20:23:28,934] {logging_mixin.py:115} INFO - [2022-05-16 20:23:28,934] {dag.py:2371} INFO - Sync 1 DAGs
[2022-05-16 20:23:28,946] {logging_mixin.py:115} INFO - [2022-05-16 20:23:28,946] {dag.py:2919} INFO - Setting next_dagrun for example_local_kubernetes_executor to None, run_after=None
[2022-05-16 20:23:29,022] {processor.py:161} INFO - Processing /home/airflow/.local/lib/python3.7/site-packages/airflow/example_dags/example_local_kubernetes_executor.py took 0.120 seconds
[2022-05-16 20:23:59,500] {processor.py:153} INFO - Started process (PID=264) to work on /home/airflow/.local/lib/python3.7/site-packages/airflow/example_dags/example_local_kubernetes_executor.py
[2022-05-16 20:23:59,501] {processor.py:641} INFO - Processing file /home/airflow/.local/lib/python3.7/site-packages/airflow/example_dags/example_local_kubernetes_executor.py for tasks to queue
[2022-05-16 20:23:59,501] {logging_mixin.py:115} INFO - [2022-05-16 20:23:59,501] {dagbag.py:507} INFO - Filling up the DagBag from /home/airflow/.local/lib/python3.7/site-packages/airflow/example_dags/example_local_kubernetes_executor.py
[2022-05-16 20:23:59,511] {processor.py:651} INFO - DAG(s) dict_keys(['example_local_kubernetes_executor']) retrieved from /home/airflow/.local/lib/python3.7/site-packages/airflow/example_dags/example_local_kubernetes_executor.py
[2022-05-16 20:23:59,527] {logging_mixin.py:115} INFO - [2022-05-16 20:23:59,527] {dag.py:2371} INFO - Sync 1 DAGs
[2022-05-16 20:23:59,540] {logging_mixin.py:115} INFO - [2022-05-16 20:23:59,540] {dag.py:2919} INFO - Setting next_dagrun for example_local_kubernetes_executor to None, run_after=None
[2022-05-16 20:23:59,616] {processor.py:161} INFO - Processing /home/airflow/.local/lib/python3.7/site-packages/airflow/example_dags/example_local_kubernetes_executor.py took 0.118 seconds
[2022-05-16 20:24:29,995] {processor.py:153} INFO - Started process (PID=328) to work on /home/airflow/.local/lib/python3.7/site-packages/airflow/example_dags/example_local_kubernetes_executor.py
[2022-05-16 20:24:29,997] {processor.py:641} INFO - Processing file /home/airflow/.local/lib/python3.7/site-packages/airflow/example_dags/example_local_kubernetes_executor.py for tasks to queue
[2022-05-16 20:24:29,998] {logging_mixin.py:115} INFO - [2022-05-16 20:24:29,998] {dagbag.py:507} INFO - Filling up the DagBag from /home/airflow/.local/lib/python3.7/site-packages/airflow/example_dags/example_local_kubernetes_executor.py
[2022-05-16 20:24:30,009] {processor.py:651} INFO - DAG(s) dict_keys(['example_local_kubernetes_executor']) retrieved from /home/airflow/.local/lib/python3.7/site-packages/airflow/example_dags/example_local_kubernetes_executor.py
[2022-05-16 20:24:30,028] {logging_mixin.py:115} INFO - [2022-05-16 20:24:30,028] {dag.py:2371} INFO - Sync 1 DAGs
[2022-05-16 20:24:30,042] {logging_mixin.py:115} INFO - [2022-05-16 20:24:30,042] {dag.py:2919} INFO - Setting next_dagrun for example_local_kubernetes_executor to None, run_after=None
[2022-05-16 20:24:30,121] {processor.py:161} INFO - Processing /home/airflow/.local/lib/python3.7/site-packages/airflow/example_dags/example_local_kubernetes_executor.py took 0.128 seconds
[2022-05-16 20:25:00,680] {processor.py:153} INFO - Started process (PID=393) to work on /home/airflow/.local/lib/python3.7/site-packages/airflow/example_dags/example_local_kubernetes_executor.py
[2022-05-16 20:25:00,681] {processor.py:641} INFO - Processing file /home/airflow/.local/lib/python3.7/site-packages/airflow/example_dags/example_local_kubernetes_executor.py for tasks to queue
[2022-05-16 20:25:00,682] {logging_mixin.py:115} INFO - [2022-05-16 20:25:00,682] {dagbag.py:507} INFO - Filling up the DagBag from /home/airflow/.local/lib/python3.7/site-packages/airflow/example_dags/example_local_kubernetes_executor.py
[2022-05-16 20:25:00,694] {processor.py:651} INFO - DAG(s) dict_keys(['example_local_kubernetes_executor']) retrieved from /home/airflow/.local/lib/python3.7/site-packages/airflow/example_dags/example_local_kubernetes_executor.py
[2022-05-16 20:25:00,711] {logging_mixin.py:115} INFO - [2022-05-16 20:25:00,711] {dag.py:2371} INFO - Sync 1 DAGs
[2022-05-16 20:25:00,723] {logging_mixin.py:115} INFO - [2022-05-16 20:25:00,723] {dag.py:2919} INFO - Setting next_dagrun for example_local_kubernetes_executor to None, run_after=None
[2022-05-16 20:25:00,799] {processor.py:161} INFO - Processing /home/airflow/.local/lib/python3.7/site-packages/airflow/example_dags/example_local_kubernetes_executor.py took 0.121 seconds
[2022-05-16 20:25:31,485] {processor.py:153} INFO - Started process (PID=457) to work on /home/airflow/.local/lib/python3.7/site-packages/airflow/example_dags/example_local_kubernetes_executor.py
[2022-05-16 20:25:31,487] {processor.py:641} INFO - Processing file /home/airflow/.local/lib/python3.7/site-packages/airflow/example_dags/example_local_kubernetes_executor.py for tasks to queue
[2022-05-16 20:25:31,489] {logging_mixin.py:115} INFO - [2022-05-16 20:25:31,489] {dagbag.py:507} INFO - Filling up the DagBag from /home/airflow/.local/lib/python3.7/site-packages/airflow/example_dags/example_local_kubernetes_executor.py
[2022-05-16 20:25:31,517] {processor.py:651} INFO - DAG(s) dict_keys(['example_local_kubernetes_executor']) retrieved from /home/airflow/.local/lib/python3.7/site-packages/airflow/example_dags/example_local_kubernetes_executor.py
[2022-05-16 20:25:31,559] {logging_mixin.py:115} INFO - [2022-05-16 20:25:31,559] {dag.py:2371} INFO - Sync 1 DAGs
[2022-05-16 20:25:31,591] {logging_mixin.py:115} INFO - [2022-05-16 20:25:31,590] {dag.py:2919} INFO - Setting next_dagrun for example_local_kubernetes_executor to None, run_after=None
[2022-05-16 20:25:31,734] {processor.py:161} INFO - Processing /home/airflow/.local/lib/python3.7/site-packages/airflow/example_dags/example_local_kubernetes_executor.py took 0.258 seconds
[2022-05-16 20:26:03,127] {processor.py:153} INFO - Started process (PID=521) to work on /home/airflow/.local/lib/python3.7/site-packages/airflow/example_dags/example_local_kubernetes_executor.py
[2022-05-16 20:26:03,129] {processor.py:641} INFO - Processing file /home/airflow/.local/lib/python3.7/site-packages/airflow/example_dags/example_local_kubernetes_executor.py for tasks to queue
[2022-05-16 20:26:03,133] {logging_mixin.py:115} INFO - [2022-05-16 20:26:03,133] {dagbag.py:507} INFO - Filling up the DagBag from /home/airflow/.local/lib/python3.7/site-packages/airflow/example_dags/example_local_kubernetes_executor.py
[2022-05-16 20:26:03,157] {processor.py:651} INFO - DAG(s) dict_keys(['example_local_kubernetes_executor']) retrieved from /home/airflow/.local/lib/python3.7/site-packages/airflow/example_dags/example_local_kubernetes_executor.py
[2022-05-16 20:26:03,183] {logging_mixin.py:115} INFO - [2022-05-16 20:26:03,183] {dag.py:2371} INFO - Sync 1 DAGs
[2022-05-16 20:26:03,207] {logging_mixin.py:115} INFO - [2022-05-16 20:26:03,207] {dag.py:2919} INFO - Setting next_dagrun for example_local_kubernetes_executor to None, run_after=None
[2022-05-16 20:26:03,319] {processor.py:161} INFO - Processing /home/airflow/.local/lib/python3.7/site-packages/airflow/example_dags/example_local_kubernetes_executor.py took 0.196 seconds
[2022-05-16 20:26:33,941] {processor.py:153} INFO - Started process (PID=586) to work on /home/airflow/.local/lib/python3.7/site-packages/airflow/example_dags/example_local_kubernetes_executor.py
[2022-05-16 20:26:33,944] {processor.py:641} INFO - Processing file /home/airflow/.local/lib/python3.7/site-packages/airflow/example_dags/example_local_kubernetes_executor.py for tasks to queue
[2022-05-16 20:26:33,946] {logging_mixin.py:115} INFO - [2022-05-16 20:26:33,946] {dagbag.py:507} INFO - Filling up the DagBag from /home/airflow/.local/lib/python3.7/site-packages/airflow/example_dags/example_local_kubernetes_executor.py
[2022-05-16 20:26:33,969] {processor.py:651} INFO - DAG(s) dict_keys(['example_local_kubernetes_executor']) retrieved from /home/airflow/.local/lib/python3.7/site-packages/airflow/example_dags/example_local_kubernetes_executor.py
[2022-05-16 20:26:33,997] {logging_mixin.py:115} INFO - [2022-05-16 20:26:33,997] {dag.py:2371} INFO - Sync 1 DAGs
[2022-05-16 20:26:34,015] {logging_mixin.py:115} INFO - [2022-05-16 20:26:34,015] {dag.py:2919} INFO - Setting next_dagrun for example_local_kubernetes_executor to None, run_after=None
[2022-05-16 20:26:34,173] {processor.py:161} INFO - Processing /home/airflow/.local/lib/python3.7/site-packages/airflow/example_dags/example_local_kubernetes_executor.py took 0.234 seconds
