[2022-05-16 20:22:28,223] {processor.py:153} INFO - Started process (PID=80) to work on /home/airflow/.local/lib/python3.7/site-packages/airflow/example_dags/example_complex.py
[2022-05-16 20:22:28,225] {processor.py:641} INFO - Processing file /home/airflow/.local/lib/python3.7/site-packages/airflow/example_dags/example_complex.py for tasks to queue
[2022-05-16 20:22:28,226] {logging_mixin.py:115} INFO - [2022-05-16 20:22:28,226] {dagbag.py:507} INFO - Filling up the DagBag from /home/airflow/.local/lib/python3.7/site-packages/airflow/example_dags/example_complex.py
[2022-05-16 20:22:28,257] {processor.py:651} INFO - DAG(s) dict_keys(['example_complex']) retrieved from /home/airflow/.local/lib/python3.7/site-packages/airflow/example_dags/example_complex.py
[2022-05-16 20:22:28,592] {logging_mixin.py:115} INFO - [2022-05-16 20:22:28,591] {manager.py:508} INFO - Created Permission View: can delete on DAG:example_complex
[2022-05-16 20:22:28,619] {logging_mixin.py:115} INFO - [2022-05-16 20:22:28,619] {manager.py:508} INFO - Created Permission View: can read on DAG:example_complex
[2022-05-16 20:22:28,631] {logging_mixin.py:115} INFO - [2022-05-16 20:22:28,631] {manager.py:508} INFO - Created Permission View: can edit on DAG:example_complex
[2022-05-16 20:22:28,632] {logging_mixin.py:115} INFO - [2022-05-16 20:22:28,632] {dag.py:2371} INFO - Sync 1 DAGs
[2022-05-16 20:22:28,643] {logging_mixin.py:115} INFO - [2022-05-16 20:22:28,643] {dag.py:2390} INFO - Creating ORM DAG for example_complex
[2022-05-16 20:22:28,658] {logging_mixin.py:115} INFO - [2022-05-16 20:22:28,657] {dag.py:2919} INFO - Setting next_dagrun for example_complex to None, run_after=None
[2022-05-16 20:22:28,684] {processor.py:161} INFO - Processing /home/airflow/.local/lib/python3.7/site-packages/airflow/example_dags/example_complex.py took 0.463 seconds
[2022-05-16 20:22:59,387] {processor.py:153} INFO - Started process (PID=144) to work on /home/airflow/.local/lib/python3.7/site-packages/airflow/example_dags/example_complex.py
[2022-05-16 20:22:59,389] {processor.py:641} INFO - Processing file /home/airflow/.local/lib/python3.7/site-packages/airflow/example_dags/example_complex.py for tasks to queue
[2022-05-16 20:22:59,391] {logging_mixin.py:115} INFO - [2022-05-16 20:22:59,391] {dagbag.py:507} INFO - Filling up the DagBag from /home/airflow/.local/lib/python3.7/site-packages/airflow/example_dags/example_complex.py
[2022-05-16 20:22:59,407] {processor.py:651} INFO - DAG(s) dict_keys(['example_complex']) retrieved from /home/airflow/.local/lib/python3.7/site-packages/airflow/example_dags/example_complex.py
[2022-05-16 20:22:59,441] {logging_mixin.py:115} INFO - [2022-05-16 20:22:59,441] {dag.py:2371} INFO - Sync 1 DAGs
[2022-05-16 20:22:59,461] {logging_mixin.py:115} INFO - [2022-05-16 20:22:59,460] {dag.py:2919} INFO - Setting next_dagrun for example_complex to None, run_after=None
[2022-05-16 20:22:59,470] {processor.py:161} INFO - Processing /home/airflow/.local/lib/python3.7/site-packages/airflow/example_dags/example_complex.py took 0.087 seconds
[2022-05-16 20:23:29,941] {processor.py:153} INFO - Started process (PID=212) to work on /home/airflow/.local/lib/python3.7/site-packages/airflow/example_dags/example_complex.py
[2022-05-16 20:23:29,944] {processor.py:641} INFO - Processing file /home/airflow/.local/lib/python3.7/site-packages/airflow/example_dags/example_complex.py for tasks to queue
[2022-05-16 20:23:29,945] {logging_mixin.py:115} INFO - [2022-05-16 20:23:29,945] {dagbag.py:507} INFO - Filling up the DagBag from /home/airflow/.local/lib/python3.7/site-packages/airflow/example_dags/example_complex.py
[2022-05-16 20:23:29,955] {processor.py:651} INFO - DAG(s) dict_keys(['example_complex']) retrieved from /home/airflow/.local/lib/python3.7/site-packages/airflow/example_dags/example_complex.py
[2022-05-16 20:23:29,982] {logging_mixin.py:115} INFO - [2022-05-16 20:23:29,982] {dag.py:2371} INFO - Sync 1 DAGs
[2022-05-16 20:23:30,000] {logging_mixin.py:115} INFO - [2022-05-16 20:23:30,000] {dag.py:2919} INFO - Setting next_dagrun for example_complex to None, run_after=None
[2022-05-16 20:23:30,010] {processor.py:161} INFO - Processing /home/airflow/.local/lib/python3.7/site-packages/airflow/example_dags/example_complex.py took 0.072 seconds
[2022-05-16 20:24:00,532] {processor.py:153} INFO - Started process (PID=277) to work on /home/airflow/.local/lib/python3.7/site-packages/airflow/example_dags/example_complex.py
[2022-05-16 20:24:00,534] {processor.py:641} INFO - Processing file /home/airflow/.local/lib/python3.7/site-packages/airflow/example_dags/example_complex.py for tasks to queue
[2022-05-16 20:24:00,535] {logging_mixin.py:115} INFO - [2022-05-16 20:24:00,535] {dagbag.py:507} INFO - Filling up the DagBag from /home/airflow/.local/lib/python3.7/site-packages/airflow/example_dags/example_complex.py
[2022-05-16 20:24:00,557] {processor.py:651} INFO - DAG(s) dict_keys(['example_complex']) retrieved from /home/airflow/.local/lib/python3.7/site-packages/airflow/example_dags/example_complex.py
[2022-05-16 20:24:00,593] {logging_mixin.py:115} INFO - [2022-05-16 20:24:00,592] {dag.py:2371} INFO - Sync 1 DAGs
[2022-05-16 20:24:00,623] {logging_mixin.py:115} INFO - [2022-05-16 20:24:00,623] {dag.py:2919} INFO - Setting next_dagrun for example_complex to None, run_after=None
[2022-05-16 20:24:00,635] {processor.py:161} INFO - Processing /home/airflow/.local/lib/python3.7/site-packages/airflow/example_dags/example_complex.py took 0.108 seconds
[2022-05-16 20:24:31,014] {processor.py:153} INFO - Started process (PID=330) to work on /home/airflow/.local/lib/python3.7/site-packages/airflow/example_dags/example_complex.py
[2022-05-16 20:24:31,017] {processor.py:641} INFO - Processing file /home/airflow/.local/lib/python3.7/site-packages/airflow/example_dags/example_complex.py for tasks to queue
[2022-05-16 20:24:31,018] {logging_mixin.py:115} INFO - [2022-05-16 20:24:31,018] {dagbag.py:507} INFO - Filling up the DagBag from /home/airflow/.local/lib/python3.7/site-packages/airflow/example_dags/example_complex.py
[2022-05-16 20:24:31,031] {processor.py:651} INFO - DAG(s) dict_keys(['example_complex']) retrieved from /home/airflow/.local/lib/python3.7/site-packages/airflow/example_dags/example_complex.py
[2022-05-16 20:24:31,067] {logging_mixin.py:115} INFO - [2022-05-16 20:24:31,067] {dag.py:2371} INFO - Sync 1 DAGs
[2022-05-16 20:24:31,087] {logging_mixin.py:115} INFO - [2022-05-16 20:24:31,087] {dag.py:2919} INFO - Setting next_dagrun for example_complex to None, run_after=None
[2022-05-16 20:24:31,097] {processor.py:161} INFO - Processing /home/airflow/.local/lib/python3.7/site-packages/airflow/example_dags/example_complex.py took 0.087 seconds
[2022-05-16 20:25:01,720] {processor.py:153} INFO - Started process (PID=395) to work on /home/airflow/.local/lib/python3.7/site-packages/airflow/example_dags/example_complex.py
[2022-05-16 20:25:01,721] {processor.py:641} INFO - Processing file /home/airflow/.local/lib/python3.7/site-packages/airflow/example_dags/example_complex.py for tasks to queue
[2022-05-16 20:25:01,722] {logging_mixin.py:115} INFO - [2022-05-16 20:25:01,721] {dagbag.py:507} INFO - Filling up the DagBag from /home/airflow/.local/lib/python3.7/site-packages/airflow/example_dags/example_complex.py
[2022-05-16 20:25:01,729] {processor.py:651} INFO - DAG(s) dict_keys(['example_complex']) retrieved from /home/airflow/.local/lib/python3.7/site-packages/airflow/example_dags/example_complex.py
[2022-05-16 20:25:01,749] {logging_mixin.py:115} INFO - [2022-05-16 20:25:01,749] {dag.py:2371} INFO - Sync 1 DAGs
[2022-05-16 20:25:01,762] {logging_mixin.py:115} INFO - [2022-05-16 20:25:01,762] {dag.py:2919} INFO - Setting next_dagrun for example_complex to None, run_after=None
[2022-05-16 20:25:01,771] {processor.py:161} INFO - Processing /home/airflow/.local/lib/python3.7/site-packages/airflow/example_dags/example_complex.py took 0.054 seconds
[2022-05-16 20:25:32,571] {processor.py:153} INFO - Started process (PID=459) to work on /home/airflow/.local/lib/python3.7/site-packages/airflow/example_dags/example_complex.py
[2022-05-16 20:25:32,573] {processor.py:641} INFO - Processing file /home/airflow/.local/lib/python3.7/site-packages/airflow/example_dags/example_complex.py for tasks to queue
[2022-05-16 20:25:32,576] {logging_mixin.py:115} INFO - [2022-05-16 20:25:32,576] {dagbag.py:507} INFO - Filling up the DagBag from /home/airflow/.local/lib/python3.7/site-packages/airflow/example_dags/example_complex.py
[2022-05-16 20:25:32,591] {processor.py:651} INFO - DAG(s) dict_keys(['example_complex']) retrieved from /home/airflow/.local/lib/python3.7/site-packages/airflow/example_dags/example_complex.py
[2022-05-16 20:25:32,650] {logging_mixin.py:115} INFO - [2022-05-16 20:25:32,650] {dag.py:2371} INFO - Sync 1 DAGs
[2022-05-16 20:25:32,674] {logging_mixin.py:115} INFO - [2022-05-16 20:25:32,674] {dag.py:2919} INFO - Setting next_dagrun for example_complex to None, run_after=None
[2022-05-16 20:25:32,691] {processor.py:161} INFO - Processing /home/airflow/.local/lib/python3.7/site-packages/airflow/example_dags/example_complex.py took 0.128 seconds
[2022-05-16 20:26:03,360] {processor.py:153} INFO - Started process (PID=523) to work on /home/airflow/.local/lib/python3.7/site-packages/airflow/example_dags/example_complex.py
[2022-05-16 20:26:03,361] {processor.py:641} INFO - Processing file /home/airflow/.local/lib/python3.7/site-packages/airflow/example_dags/example_complex.py for tasks to queue
[2022-05-16 20:26:03,362] {logging_mixin.py:115} INFO - [2022-05-16 20:26:03,362] {dagbag.py:507} INFO - Filling up the DagBag from /home/airflow/.local/lib/python3.7/site-packages/airflow/example_dags/example_complex.py
[2022-05-16 20:26:03,370] {processor.py:651} INFO - DAG(s) dict_keys(['example_complex']) retrieved from /home/airflow/.local/lib/python3.7/site-packages/airflow/example_dags/example_complex.py
[2022-05-16 20:26:03,406] {logging_mixin.py:115} INFO - [2022-05-16 20:26:03,405] {dag.py:2371} INFO - Sync 1 DAGs
[2022-05-16 20:26:03,449] {logging_mixin.py:115} INFO - [2022-05-16 20:26:03,448] {dag.py:2919} INFO - Setting next_dagrun for example_complex to None, run_after=None
[2022-05-16 20:26:03,480] {processor.py:161} INFO - Processing /home/airflow/.local/lib/python3.7/site-packages/airflow/example_dags/example_complex.py took 0.124 seconds
[2022-05-16 20:26:34,280] {processor.py:153} INFO - Started process (PID=588) to work on /home/airflow/.local/lib/python3.7/site-packages/airflow/example_dags/example_complex.py
[2022-05-16 20:26:34,283] {processor.py:641} INFO - Processing file /home/airflow/.local/lib/python3.7/site-packages/airflow/example_dags/example_complex.py for tasks to queue
[2022-05-16 20:26:34,289] {logging_mixin.py:115} INFO - [2022-05-16 20:26:34,289] {dagbag.py:507} INFO - Filling up the DagBag from /home/airflow/.local/lib/python3.7/site-packages/airflow/example_dags/example_complex.py
[2022-05-16 20:26:34,320] {processor.py:651} INFO - DAG(s) dict_keys(['example_complex']) retrieved from /home/airflow/.local/lib/python3.7/site-packages/airflow/example_dags/example_complex.py
[2022-05-16 20:26:34,370] {logging_mixin.py:115} INFO - [2022-05-16 20:26:34,370] {dag.py:2371} INFO - Sync 1 DAGs
[2022-05-16 20:26:34,393] {logging_mixin.py:115} INFO - [2022-05-16 20:26:34,393] {dag.py:2919} INFO - Setting next_dagrun for example_complex to None, run_after=None
[2022-05-16 20:26:34,408] {processor.py:161} INFO - Processing /home/airflow/.local/lib/python3.7/site-packages/airflow/example_dags/example_complex.py took 0.131 seconds
