[2022-05-16 20:22:02,209] {processor.py:153} INFO - Started process (PID=43) to work on /home/airflow/.local/lib/python3.7/site-packages/airflow/example_dags/example_subdag_operator.py
[2022-05-16 20:22:02,212] {processor.py:641} INFO - Processing file /home/airflow/.local/lib/python3.7/site-packages/airflow/example_dags/example_subdag_operator.py for tasks to queue
[2022-05-16 20:22:02,214] {logging_mixin.py:115} INFO - [2022-05-16 20:22:02,214] {dagbag.py:507} INFO - Filling up the DagBag from /home/airflow/.local/lib/python3.7/site-packages/airflow/example_dags/example_subdag_operator.py
[2022-05-16 20:22:02,274] {processor.py:651} INFO - DAG(s) dict_keys(['example_subdag_operator.section-1', 'example_subdag_operator.section-2', 'example_subdag_operator']) retrieved from /home/airflow/.local/lib/python3.7/site-packages/airflow/example_dags/example_subdag_operator.py
[2022-05-16 20:22:03,675] {logging_mixin.py:115} INFO - [2022-05-16 20:22:03,675] {manager.py:508} INFO - Created Permission View: can delete on DAG:example_subdag_operator
[2022-05-16 20:22:03,719] {logging_mixin.py:115} INFO - [2022-05-16 20:22:03,719] {manager.py:508} INFO - Created Permission View: can read on DAG:example_subdag_operator
[2022-05-16 20:22:03,817] {logging_mixin.py:115} INFO - [2022-05-16 20:22:03,817] {manager.py:508} INFO - Created Permission View: can edit on DAG:example_subdag_operator
[2022-05-16 20:22:03,820] {logging_mixin.py:115} INFO - [2022-05-16 20:22:03,820] {dag.py:2371} INFO - Sync 3 DAGs
[2022-05-16 20:22:03,902] {logging_mixin.py:115} INFO - [2022-05-16 20:22:03,902] {dag.py:2390} INFO - Creating ORM DAG for example_subdag_operator.section-1
[2022-05-16 20:22:03,939] {logging_mixin.py:115} INFO - [2022-05-16 20:22:03,939] {dag.py:2390} INFO - Creating ORM DAG for example_subdag_operator.section-2
[2022-05-16 20:22:03,942] {logging_mixin.py:115} INFO - [2022-05-16 20:22:03,942] {dag.py:2390} INFO - Creating ORM DAG for example_subdag_operator
[2022-05-16 20:22:04,020] {logging_mixin.py:115} INFO - [2022-05-16 20:22:04,020] {dag.py:2919} INFO - Setting next_dagrun for example_subdag_operator to 2022-05-14T00:00:00+00:00, run_after=2022-05-14T00:00:00+00:00
[2022-05-16 20:22:04,025] {logging_mixin.py:115} INFO - [2022-05-16 20:22:04,025] {dag.py:2919} INFO - Setting next_dagrun for example_subdag_operator.section-1 to None, run_after=None
[2022-05-16 20:22:04,028] {logging_mixin.py:115} INFO - [2022-05-16 20:22:04,028] {dag.py:2919} INFO - Setting next_dagrun for example_subdag_operator.section-2 to None, run_after=None
[2022-05-16 20:22:04,084] {logging_mixin.py:115} INFO - [2022-05-16 20:22:04,084] {dag.py:2371} INFO - Sync 2 DAGs
[2022-05-16 20:22:04,122] {logging_mixin.py:115} INFO - [2022-05-16 20:22:04,122] {dag.py:2919} INFO - Setting next_dagrun for example_subdag_operator.section-1 to None, run_after=None
[2022-05-16 20:22:04,125] {logging_mixin.py:115} INFO - [2022-05-16 20:22:04,125] {dag.py:2919} INFO - Setting next_dagrun for example_subdag_operator.section-2 to None, run_after=None
[2022-05-16 20:22:04,150] {processor.py:161} INFO - Processing /home/airflow/.local/lib/python3.7/site-packages/airflow/example_dags/example_subdag_operator.py took 1.944 seconds
[2022-05-16 20:22:35,373] {processor.py:153} INFO - Started process (PID=95) to work on /home/airflow/.local/lib/python3.7/site-packages/airflow/example_dags/example_subdag_operator.py
[2022-05-16 20:22:35,376] {processor.py:641} INFO - Processing file /home/airflow/.local/lib/python3.7/site-packages/airflow/example_dags/example_subdag_operator.py for tasks to queue
[2022-05-16 20:22:35,379] {logging_mixin.py:115} INFO - [2022-05-16 20:22:35,379] {dagbag.py:507} INFO - Filling up the DagBag from /home/airflow/.local/lib/python3.7/site-packages/airflow/example_dags/example_subdag_operator.py
[2022-05-16 20:22:35,436] {processor.py:651} INFO - DAG(s) dict_keys(['example_subdag_operator.section-1', 'example_subdag_operator.section-2', 'example_subdag_operator']) retrieved from /home/airflow/.local/lib/python3.7/site-packages/airflow/example_dags/example_subdag_operator.py
[2022-05-16 20:22:35,483] {logging_mixin.py:115} INFO - [2022-05-16 20:22:35,483] {dag.py:2371} INFO - Sync 3 DAGs
[2022-05-16 20:22:35,517] {logging_mixin.py:115} INFO - [2022-05-16 20:22:35,517] {dag.py:2919} INFO - Setting next_dagrun for example_subdag_operator to 2022-05-14T00:00:00+00:00, run_after=2022-05-14T00:00:00+00:00
[2022-05-16 20:22:35,521] {logging_mixin.py:115} INFO - [2022-05-16 20:22:35,520] {dag.py:2919} INFO - Setting next_dagrun for example_subdag_operator.section-1 to None, run_after=None
[2022-05-16 20:22:35,523] {logging_mixin.py:115} INFO - [2022-05-16 20:22:35,523] {dag.py:2919} INFO - Setting next_dagrun for example_subdag_operator.section-2 to None, run_after=None
[2022-05-16 20:22:35,534] {logging_mixin.py:115} INFO - [2022-05-16 20:22:35,534] {dag.py:2371} INFO - Sync 2 DAGs
[2022-05-16 20:22:35,804] {logging_mixin.py:115} INFO - [2022-05-16 20:22:35,804] {dag.py:2919} INFO - Setting next_dagrun for example_subdag_operator.section-1 to None, run_after=None
[2022-05-16 20:22:35,806] {logging_mixin.py:115} INFO - [2022-05-16 20:22:35,806] {dag.py:2919} INFO - Setting next_dagrun for example_subdag_operator.section-2 to None, run_after=None
[2022-05-16 20:22:35,813] {processor.py:161} INFO - Processing /home/airflow/.local/lib/python3.7/site-packages/airflow/example_dags/example_subdag_operator.py took 0.448 seconds
[2022-05-16 20:23:06,785] {processor.py:153} INFO - Started process (PID=160) to work on /home/airflow/.local/lib/python3.7/site-packages/airflow/example_dags/example_subdag_operator.py
[2022-05-16 20:23:06,787] {processor.py:641} INFO - Processing file /home/airflow/.local/lib/python3.7/site-packages/airflow/example_dags/example_subdag_operator.py for tasks to queue
[2022-05-16 20:23:06,789] {logging_mixin.py:115} INFO - [2022-05-16 20:23:06,789] {dagbag.py:507} INFO - Filling up the DagBag from /home/airflow/.local/lib/python3.7/site-packages/airflow/example_dags/example_subdag_operator.py
[2022-05-16 20:23:06,825] {processor.py:651} INFO - DAG(s) dict_keys(['example_subdag_operator.section-1', 'example_subdag_operator.section-2', 'example_subdag_operator']) retrieved from /home/airflow/.local/lib/python3.7/site-packages/airflow/example_dags/example_subdag_operator.py
[2022-05-16 20:23:06,858] {logging_mixin.py:115} INFO - [2022-05-16 20:23:06,857] {dag.py:2371} INFO - Sync 3 DAGs
[2022-05-16 20:23:06,880] {logging_mixin.py:115} INFO - [2022-05-16 20:23:06,879] {dag.py:2919} INFO - Setting next_dagrun for example_subdag_operator to 2022-05-14T00:00:00+00:00, run_after=2022-05-14T00:00:00+00:00
[2022-05-16 20:23:06,881] {logging_mixin.py:115} INFO - [2022-05-16 20:23:06,881] {dag.py:2919} INFO - Setting next_dagrun for example_subdag_operator.section-1 to None, run_after=None
[2022-05-16 20:23:06,882] {logging_mixin.py:115} INFO - [2022-05-16 20:23:06,882] {dag.py:2919} INFO - Setting next_dagrun for example_subdag_operator.section-2 to None, run_after=None
[2022-05-16 20:23:06,894] {logging_mixin.py:115} INFO - [2022-05-16 20:23:06,894] {dag.py:2371} INFO - Sync 2 DAGs
[2022-05-16 20:23:06,899] {logging_mixin.py:115} INFO - [2022-05-16 20:23:06,899] {dag.py:2919} INFO - Setting next_dagrun for example_subdag_operator.section-1 to None, run_after=None
[2022-05-16 20:23:06,900] {logging_mixin.py:115} INFO - [2022-05-16 20:23:06,900] {dag.py:2919} INFO - Setting next_dagrun for example_subdag_operator.section-2 to None, run_after=None
[2022-05-16 20:23:06,910] {processor.py:161} INFO - Processing /home/airflow/.local/lib/python3.7/site-packages/airflow/example_dags/example_subdag_operator.py took 0.129 seconds
[2022-05-16 20:23:37,434] {processor.py:153} INFO - Started process (PID=217) to work on /home/airflow/.local/lib/python3.7/site-packages/airflow/example_dags/example_subdag_operator.py
[2022-05-16 20:23:37,440] {processor.py:641} INFO - Processing file /home/airflow/.local/lib/python3.7/site-packages/airflow/example_dags/example_subdag_operator.py for tasks to queue
[2022-05-16 20:23:37,443] {logging_mixin.py:115} INFO - [2022-05-16 20:23:37,443] {dagbag.py:507} INFO - Filling up the DagBag from /home/airflow/.local/lib/python3.7/site-packages/airflow/example_dags/example_subdag_operator.py
[2022-05-16 20:23:37,478] {processor.py:651} INFO - DAG(s) dict_keys(['example_subdag_operator.section-1', 'example_subdag_operator.section-2', 'example_subdag_operator']) retrieved from /home/airflow/.local/lib/python3.7/site-packages/airflow/example_dags/example_subdag_operator.py
[2022-05-16 20:23:37,507] {logging_mixin.py:115} INFO - [2022-05-16 20:23:37,507] {dag.py:2371} INFO - Sync 3 DAGs
[2022-05-16 20:23:37,524] {logging_mixin.py:115} INFO - [2022-05-16 20:23:37,524] {dag.py:2919} INFO - Setting next_dagrun for example_subdag_operator to 2022-05-14T00:00:00+00:00, run_after=2022-05-14T00:00:00+00:00
[2022-05-16 20:23:37,527] {logging_mixin.py:115} INFO - [2022-05-16 20:23:37,527] {dag.py:2919} INFO - Setting next_dagrun for example_subdag_operator.section-1 to None, run_after=None
[2022-05-16 20:23:37,528] {logging_mixin.py:115} INFO - [2022-05-16 20:23:37,528] {dag.py:2919} INFO - Setting next_dagrun for example_subdag_operator.section-2 to None, run_after=None
[2022-05-16 20:23:37,538] {logging_mixin.py:115} INFO - [2022-05-16 20:23:37,537] {dag.py:2371} INFO - Sync 2 DAGs
[2022-05-16 20:23:37,543] {logging_mixin.py:115} INFO - [2022-05-16 20:23:37,543] {dag.py:2919} INFO - Setting next_dagrun for example_subdag_operator.section-1 to None, run_after=None
[2022-05-16 20:23:37,545] {logging_mixin.py:115} INFO - [2022-05-16 20:23:37,545] {dag.py:2919} INFO - Setting next_dagrun for example_subdag_operator.section-2 to None, run_after=None
[2022-05-16 20:23:37,553] {processor.py:161} INFO - Processing /home/airflow/.local/lib/python3.7/site-packages/airflow/example_dags/example_subdag_operator.py took 0.128 seconds
[2022-05-16 20:24:08,028] {processor.py:153} INFO - Started process (PID=282) to work on /home/airflow/.local/lib/python3.7/site-packages/airflow/example_dags/example_subdag_operator.py
[2022-05-16 20:24:08,030] {processor.py:641} INFO - Processing file /home/airflow/.local/lib/python3.7/site-packages/airflow/example_dags/example_subdag_operator.py for tasks to queue
[2022-05-16 20:24:08,032] {logging_mixin.py:115} INFO - [2022-05-16 20:24:08,032] {dagbag.py:507} INFO - Filling up the DagBag from /home/airflow/.local/lib/python3.7/site-packages/airflow/example_dags/example_subdag_operator.py
[2022-05-16 20:24:08,055] {processor.py:651} INFO - DAG(s) dict_keys(['example_subdag_operator.section-1', 'example_subdag_operator.section-2', 'example_subdag_operator']) retrieved from /home/airflow/.local/lib/python3.7/site-packages/airflow/example_dags/example_subdag_operator.py
[2022-05-16 20:24:08,087] {logging_mixin.py:115} INFO - [2022-05-16 20:24:08,087] {dag.py:2371} INFO - Sync 3 DAGs
[2022-05-16 20:24:08,108] {logging_mixin.py:115} INFO - [2022-05-16 20:24:08,108] {dag.py:2919} INFO - Setting next_dagrun for example_subdag_operator to 2022-05-14T00:00:00+00:00, run_after=2022-05-14T00:00:00+00:00
[2022-05-16 20:24:08,110] {logging_mixin.py:115} INFO - [2022-05-16 20:24:08,110] {dag.py:2919} INFO - Setting next_dagrun for example_subdag_operator.section-1 to None, run_after=None
[2022-05-16 20:24:08,111] {logging_mixin.py:115} INFO - [2022-05-16 20:24:08,111] {dag.py:2919} INFO - Setting next_dagrun for example_subdag_operator.section-2 to None, run_after=None
[2022-05-16 20:24:08,118] {logging_mixin.py:115} INFO - [2022-05-16 20:24:08,118] {dag.py:2371} INFO - Sync 2 DAGs
[2022-05-16 20:24:08,123] {logging_mixin.py:115} INFO - [2022-05-16 20:24:08,123] {dag.py:2919} INFO - Setting next_dagrun for example_subdag_operator.section-1 to None, run_after=None
[2022-05-16 20:24:08,125] {logging_mixin.py:115} INFO - [2022-05-16 20:24:08,125] {dag.py:2919} INFO - Setting next_dagrun for example_subdag_operator.section-2 to None, run_after=None
[2022-05-16 20:24:08,133] {processor.py:161} INFO - Processing /home/airflow/.local/lib/python3.7/site-packages/airflow/example_dags/example_subdag_operator.py took 0.109 seconds
[2022-05-16 20:24:38,484] {processor.py:153} INFO - Started process (PID=345) to work on /home/airflow/.local/lib/python3.7/site-packages/airflow/example_dags/example_subdag_operator.py
[2022-05-16 20:24:38,488] {processor.py:641} INFO - Processing file /home/airflow/.local/lib/python3.7/site-packages/airflow/example_dags/example_subdag_operator.py for tasks to queue
[2022-05-16 20:24:38,490] {logging_mixin.py:115} INFO - [2022-05-16 20:24:38,490] {dagbag.py:507} INFO - Filling up the DagBag from /home/airflow/.local/lib/python3.7/site-packages/airflow/example_dags/example_subdag_operator.py
[2022-05-16 20:24:38,524] {processor.py:651} INFO - DAG(s) dict_keys(['example_subdag_operator.section-1', 'example_subdag_operator.section-2', 'example_subdag_operator']) retrieved from /home/airflow/.local/lib/python3.7/site-packages/airflow/example_dags/example_subdag_operator.py
[2022-05-16 20:24:38,558] {logging_mixin.py:115} INFO - [2022-05-16 20:24:38,558] {dag.py:2371} INFO - Sync 3 DAGs
[2022-05-16 20:24:38,578] {logging_mixin.py:115} INFO - [2022-05-16 20:24:38,578] {dag.py:2919} INFO - Setting next_dagrun for example_subdag_operator to 2022-05-14T00:00:00+00:00, run_after=2022-05-14T00:00:00+00:00
[2022-05-16 20:24:38,580] {logging_mixin.py:115} INFO - [2022-05-16 20:24:38,580] {dag.py:2919} INFO - Setting next_dagrun for example_subdag_operator.section-1 to None, run_after=None
[2022-05-16 20:24:38,581] {logging_mixin.py:115} INFO - [2022-05-16 20:24:38,581] {dag.py:2919} INFO - Setting next_dagrun for example_subdag_operator.section-2 to None, run_after=None
[2022-05-16 20:24:38,588] {logging_mixin.py:115} INFO - [2022-05-16 20:24:38,588] {dag.py:2371} INFO - Sync 2 DAGs
[2022-05-16 20:24:38,593] {logging_mixin.py:115} INFO - [2022-05-16 20:24:38,593] {dag.py:2919} INFO - Setting next_dagrun for example_subdag_operator.section-1 to None, run_after=None
[2022-05-16 20:24:38,594] {logging_mixin.py:115} INFO - [2022-05-16 20:24:38,594] {dag.py:2919} INFO - Setting next_dagrun for example_subdag_operator.section-2 to None, run_after=None
[2022-05-16 20:24:38,603] {processor.py:161} INFO - Processing /home/airflow/.local/lib/python3.7/site-packages/airflow/example_dags/example_subdag_operator.py took 0.127 seconds
[2022-05-16 20:25:09,171] {processor.py:153} INFO - Started process (PID=410) to work on /home/airflow/.local/lib/python3.7/site-packages/airflow/example_dags/example_subdag_operator.py
[2022-05-16 20:25:09,173] {processor.py:641} INFO - Processing file /home/airflow/.local/lib/python3.7/site-packages/airflow/example_dags/example_subdag_operator.py for tasks to queue
[2022-05-16 20:25:09,175] {logging_mixin.py:115} INFO - [2022-05-16 20:25:09,175] {dagbag.py:507} INFO - Filling up the DagBag from /home/airflow/.local/lib/python3.7/site-packages/airflow/example_dags/example_subdag_operator.py
[2022-05-16 20:25:09,210] {processor.py:651} INFO - DAG(s) dict_keys(['example_subdag_operator.section-1', 'example_subdag_operator.section-2', 'example_subdag_operator']) retrieved from /home/airflow/.local/lib/python3.7/site-packages/airflow/example_dags/example_subdag_operator.py
[2022-05-16 20:25:09,242] {logging_mixin.py:115} INFO - [2022-05-16 20:25:09,242] {dag.py:2371} INFO - Sync 3 DAGs
[2022-05-16 20:25:09,262] {logging_mixin.py:115} INFO - [2022-05-16 20:25:09,262] {dag.py:2919} INFO - Setting next_dagrun for example_subdag_operator to 2022-05-14T00:00:00+00:00, run_after=2022-05-14T00:00:00+00:00
[2022-05-16 20:25:09,264] {logging_mixin.py:115} INFO - [2022-05-16 20:25:09,264] {dag.py:2919} INFO - Setting next_dagrun for example_subdag_operator.section-1 to None, run_after=None
[2022-05-16 20:25:09,265] {logging_mixin.py:115} INFO - [2022-05-16 20:25:09,265] {dag.py:2919} INFO - Setting next_dagrun for example_subdag_operator.section-2 to None, run_after=None
[2022-05-16 20:25:09,276] {logging_mixin.py:115} INFO - [2022-05-16 20:25:09,276] {dag.py:2371} INFO - Sync 2 DAGs
[2022-05-16 20:25:09,282] {logging_mixin.py:115} INFO - [2022-05-16 20:25:09,282] {dag.py:2919} INFO - Setting next_dagrun for example_subdag_operator.section-1 to None, run_after=None
[2022-05-16 20:25:09,284] {logging_mixin.py:115} INFO - [2022-05-16 20:25:09,284] {dag.py:2919} INFO - Setting next_dagrun for example_subdag_operator.section-2 to None, run_after=None
[2022-05-16 20:25:09,298] {processor.py:161} INFO - Processing /home/airflow/.local/lib/python3.7/site-packages/airflow/example_dags/example_subdag_operator.py took 0.131 seconds
[2022-05-16 20:25:40,127] {processor.py:153} INFO - Started process (PID=474) to work on /home/airflow/.local/lib/python3.7/site-packages/airflow/example_dags/example_subdag_operator.py
[2022-05-16 20:25:40,129] {processor.py:641} INFO - Processing file /home/airflow/.local/lib/python3.7/site-packages/airflow/example_dags/example_subdag_operator.py for tasks to queue
[2022-05-16 20:25:40,131] {logging_mixin.py:115} INFO - [2022-05-16 20:25:40,131] {dagbag.py:507} INFO - Filling up the DagBag from /home/airflow/.local/lib/python3.7/site-packages/airflow/example_dags/example_subdag_operator.py
[2022-05-16 20:25:40,164] {processor.py:651} INFO - DAG(s) dict_keys(['example_subdag_operator.section-1', 'example_subdag_operator.section-2', 'example_subdag_operator']) retrieved from /home/airflow/.local/lib/python3.7/site-packages/airflow/example_dags/example_subdag_operator.py
[2022-05-16 20:25:40,190] {logging_mixin.py:115} INFO - [2022-05-16 20:25:40,190] {dag.py:2371} INFO - Sync 3 DAGs
[2022-05-16 20:25:40,209] {logging_mixin.py:115} INFO - [2022-05-16 20:25:40,209] {dag.py:2919} INFO - Setting next_dagrun for example_subdag_operator to 2022-05-14T00:00:00+00:00, run_after=2022-05-14T00:00:00+00:00
[2022-05-16 20:25:40,211] {logging_mixin.py:115} INFO - [2022-05-16 20:25:40,211] {dag.py:2919} INFO - Setting next_dagrun for example_subdag_operator.section-1 to None, run_after=None
[2022-05-16 20:25:40,212] {logging_mixin.py:115} INFO - [2022-05-16 20:25:40,212] {dag.py:2919} INFO - Setting next_dagrun for example_subdag_operator.section-2 to None, run_after=None
[2022-05-16 20:25:40,219] {logging_mixin.py:115} INFO - [2022-05-16 20:25:40,219] {dag.py:2371} INFO - Sync 2 DAGs
[2022-05-16 20:25:40,224] {logging_mixin.py:115} INFO - [2022-05-16 20:25:40,224] {dag.py:2919} INFO - Setting next_dagrun for example_subdag_operator.section-1 to None, run_after=None
[2022-05-16 20:25:40,225] {logging_mixin.py:115} INFO - [2022-05-16 20:25:40,225] {dag.py:2919} INFO - Setting next_dagrun for example_subdag_operator.section-2 to None, run_after=None
[2022-05-16 20:25:40,232] {processor.py:161} INFO - Processing /home/airflow/.local/lib/python3.7/site-packages/airflow/example_dags/example_subdag_operator.py took 0.113 seconds
[2022-05-16 20:26:10,806] {processor.py:153} INFO - Started process (PID=528) to work on /home/airflow/.local/lib/python3.7/site-packages/airflow/example_dags/example_subdag_operator.py
[2022-05-16 20:26:10,809] {processor.py:641} INFO - Processing file /home/airflow/.local/lib/python3.7/site-packages/airflow/example_dags/example_subdag_operator.py for tasks to queue
[2022-05-16 20:26:10,810] {logging_mixin.py:115} INFO - [2022-05-16 20:26:10,810] {dagbag.py:507} INFO - Filling up the DagBag from /home/airflow/.local/lib/python3.7/site-packages/airflow/example_dags/example_subdag_operator.py
[2022-05-16 20:26:10,856] {processor.py:651} INFO - DAG(s) dict_keys(['example_subdag_operator.section-1', 'example_subdag_operator.section-2', 'example_subdag_operator']) retrieved from /home/airflow/.local/lib/python3.7/site-packages/airflow/example_dags/example_subdag_operator.py
[2022-05-16 20:26:10,899] {logging_mixin.py:115} INFO - [2022-05-16 20:26:10,899] {dag.py:2371} INFO - Sync 3 DAGs
[2022-05-16 20:26:10,929] {logging_mixin.py:115} INFO - [2022-05-16 20:26:10,929] {dag.py:2919} INFO - Setting next_dagrun for example_subdag_operator to 2022-05-14T00:00:00+00:00, run_after=2022-05-14T00:00:00+00:00
[2022-05-16 20:26:10,930] {logging_mixin.py:115} INFO - [2022-05-16 20:26:10,930] {dag.py:2919} INFO - Setting next_dagrun for example_subdag_operator.section-1 to None, run_after=None
[2022-05-16 20:26:10,932] {logging_mixin.py:115} INFO - [2022-05-16 20:26:10,932] {dag.py:2919} INFO - Setting next_dagrun for example_subdag_operator.section-2 to None, run_after=None
[2022-05-16 20:26:10,943] {logging_mixin.py:115} INFO - [2022-05-16 20:26:10,943] {dag.py:2371} INFO - Sync 2 DAGs
[2022-05-16 20:26:10,949] {logging_mixin.py:115} INFO - [2022-05-16 20:26:10,949] {dag.py:2919} INFO - Setting next_dagrun for example_subdag_operator.section-1 to None, run_after=None
[2022-05-16 20:26:10,950] {logging_mixin.py:115} INFO - [2022-05-16 20:26:10,950] {dag.py:2919} INFO - Setting next_dagrun for example_subdag_operator.section-2 to None, run_after=None
[2022-05-16 20:26:10,957] {processor.py:161} INFO - Processing /home/airflow/.local/lib/python3.7/site-packages/airflow/example_dags/example_subdag_operator.py took 0.156 seconds
