[2022-05-16 20:22:26,380] {processor.py:153} INFO - Started process (PID=69) to work on /home/airflow/.local/lib/python3.7/site-packages/airflow/example_dags/example_xcomargs.py
[2022-05-16 20:22:26,383] {processor.py:641} INFO - Processing file /home/airflow/.local/lib/python3.7/site-packages/airflow/example_dags/example_xcomargs.py for tasks to queue
[2022-05-16 20:22:26,386] {logging_mixin.py:115} INFO - [2022-05-16 20:22:26,386] {dagbag.py:507} INFO - Filling up the DagBag from /home/airflow/.local/lib/python3.7/site-packages/airflow/example_dags/example_xcomargs.py
[2022-05-16 20:22:26,415] {processor.py:651} INFO - DAG(s) dict_keys(['example_xcom_args', 'example_xcom_args_with_operators']) retrieved from /home/airflow/.local/lib/python3.7/site-packages/airflow/example_dags/example_xcomargs.py
[2022-05-16 20:22:26,771] {logging_mixin.py:115} INFO - [2022-05-16 20:22:26,770] {manager.py:508} INFO - Created Permission View: can delete on DAG:example_xcom_args
[2022-05-16 20:22:26,784] {logging_mixin.py:115} INFO - [2022-05-16 20:22:26,784] {manager.py:508} INFO - Created Permission View: can read on DAG:example_xcom_args
[2022-05-16 20:22:26,793] {logging_mixin.py:115} INFO - [2022-05-16 20:22:26,793] {manager.py:508} INFO - Created Permission View: can edit on DAG:example_xcom_args
[2022-05-16 20:22:26,816] {logging_mixin.py:115} INFO - [2022-05-16 20:22:26,816] {manager.py:508} INFO - Created Permission View: can delete on DAG:example_xcom_args_with_operators
[2022-05-16 20:22:26,823] {logging_mixin.py:115} INFO - [2022-05-16 20:22:26,823] {manager.py:508} INFO - Created Permission View: can read on DAG:example_xcom_args_with_operators
[2022-05-16 20:22:26,830] {logging_mixin.py:115} INFO - [2022-05-16 20:22:26,830] {manager.py:508} INFO - Created Permission View: can edit on DAG:example_xcom_args_with_operators
[2022-05-16 20:22:26,832] {logging_mixin.py:115} INFO - [2022-05-16 20:22:26,832] {dag.py:2371} INFO - Sync 2 DAGs
[2022-05-16 20:22:26,852] {logging_mixin.py:115} INFO - [2022-05-16 20:22:26,851] {dag.py:2390} INFO - Creating ORM DAG for example_xcom_args_with_operators
[2022-05-16 20:22:26,853] {logging_mixin.py:115} INFO - [2022-05-16 20:22:26,853] {dag.py:2390} INFO - Creating ORM DAG for example_xcom_args
[2022-05-16 20:22:26,870] {logging_mixin.py:115} INFO - [2022-05-16 20:22:26,870] {dag.py:2919} INFO - Setting next_dagrun for example_xcom_args to None, run_after=None
[2022-05-16 20:22:26,873] {logging_mixin.py:115} INFO - [2022-05-16 20:22:26,873] {dag.py:2919} INFO - Setting next_dagrun for example_xcom_args_with_operators to None, run_after=None
[2022-05-16 20:22:26,890] {processor.py:161} INFO - Processing /home/airflow/.local/lib/python3.7/site-packages/airflow/example_dags/example_xcomargs.py took 0.513 seconds
[2022-05-16 20:22:57,479] {processor.py:153} INFO - Started process (PID=133) to work on /home/airflow/.local/lib/python3.7/site-packages/airflow/example_dags/example_xcomargs.py
[2022-05-16 20:22:57,481] {processor.py:641} INFO - Processing file /home/airflow/.local/lib/python3.7/site-packages/airflow/example_dags/example_xcomargs.py for tasks to queue
[2022-05-16 20:22:57,482] {logging_mixin.py:115} INFO - [2022-05-16 20:22:57,482] {dagbag.py:507} INFO - Filling up the DagBag from /home/airflow/.local/lib/python3.7/site-packages/airflow/example_dags/example_xcomargs.py
[2022-05-16 20:22:57,501] {processor.py:651} INFO - DAG(s) dict_keys(['example_xcom_args', 'example_xcom_args_with_operators']) retrieved from /home/airflow/.local/lib/python3.7/site-packages/airflow/example_dags/example_xcomargs.py
[2022-05-16 20:22:57,781] {logging_mixin.py:115} INFO - [2022-05-16 20:22:57,781] {dag.py:2371} INFO - Sync 2 DAGs
[2022-05-16 20:22:57,811] {logging_mixin.py:115} INFO - [2022-05-16 20:22:57,811] {dag.py:2919} INFO - Setting next_dagrun for example_xcom_args to None, run_after=None
[2022-05-16 20:22:57,814] {logging_mixin.py:115} INFO - [2022-05-16 20:22:57,813] {dag.py:2919} INFO - Setting next_dagrun for example_xcom_args_with_operators to None, run_after=None
[2022-05-16 20:22:57,839] {processor.py:161} INFO - Processing /home/airflow/.local/lib/python3.7/site-packages/airflow/example_dags/example_xcomargs.py took 0.362 seconds
[2022-05-16 20:23:28,253] {processor.py:153} INFO - Started process (PID=201) to work on /home/airflow/.local/lib/python3.7/site-packages/airflow/example_dags/example_xcomargs.py
[2022-05-16 20:23:28,255] {processor.py:641} INFO - Processing file /home/airflow/.local/lib/python3.7/site-packages/airflow/example_dags/example_xcomargs.py for tasks to queue
[2022-05-16 20:23:28,256] {logging_mixin.py:115} INFO - [2022-05-16 20:23:28,256] {dagbag.py:507} INFO - Filling up the DagBag from /home/airflow/.local/lib/python3.7/site-packages/airflow/example_dags/example_xcomargs.py
[2022-05-16 20:23:28,273] {processor.py:651} INFO - DAG(s) dict_keys(['example_xcom_args', 'example_xcom_args_with_operators']) retrieved from /home/airflow/.local/lib/python3.7/site-packages/airflow/example_dags/example_xcomargs.py
[2022-05-16 20:23:28,453] {logging_mixin.py:115} INFO - [2022-05-16 20:23:28,453] {dag.py:2371} INFO - Sync 2 DAGs
[2022-05-16 20:23:28,468] {logging_mixin.py:115} INFO - [2022-05-16 20:23:28,468] {dag.py:2919} INFO - Setting next_dagrun for example_xcom_args to None, run_after=None
[2022-05-16 20:23:28,470] {logging_mixin.py:115} INFO - [2022-05-16 20:23:28,470] {dag.py:2919} INFO - Setting next_dagrun for example_xcom_args_with_operators to None, run_after=None
[2022-05-16 20:23:28,481] {processor.py:161} INFO - Processing /home/airflow/.local/lib/python3.7/site-packages/airflow/example_dags/example_xcomargs.py took 0.232 seconds
[2022-05-16 20:23:58,916] {processor.py:153} INFO - Started process (PID=255) to work on /home/airflow/.local/lib/python3.7/site-packages/airflow/example_dags/example_xcomargs.py
[2022-05-16 20:23:58,919] {processor.py:641} INFO - Processing file /home/airflow/.local/lib/python3.7/site-packages/airflow/example_dags/example_xcomargs.py for tasks to queue
[2022-05-16 20:23:58,921] {logging_mixin.py:115} INFO - [2022-05-16 20:23:58,921] {dagbag.py:507} INFO - Filling up the DagBag from /home/airflow/.local/lib/python3.7/site-packages/airflow/example_dags/example_xcomargs.py
[2022-05-16 20:23:58,940] {processor.py:651} INFO - DAG(s) dict_keys(['example_xcom_args', 'example_xcom_args_with_operators']) retrieved from /home/airflow/.local/lib/python3.7/site-packages/airflow/example_dags/example_xcomargs.py
[2022-05-16 20:23:59,071] {logging_mixin.py:115} INFO - [2022-05-16 20:23:59,071] {dag.py:2371} INFO - Sync 2 DAGs
[2022-05-16 20:23:59,082] {logging_mixin.py:115} INFO - [2022-05-16 20:23:59,082] {dag.py:2919} INFO - Setting next_dagrun for example_xcom_args to None, run_after=None
[2022-05-16 20:23:59,083] {logging_mixin.py:115} INFO - [2022-05-16 20:23:59,083] {dag.py:2919} INFO - Setting next_dagrun for example_xcom_args_with_operators to None, run_after=None
[2022-05-16 20:23:59,092] {processor.py:161} INFO - Processing /home/airflow/.local/lib/python3.7/site-packages/airflow/example_dags/example_xcomargs.py took 0.181 seconds
[2022-05-16 20:24:29,331] {processor.py:153} INFO - Started process (PID=319) to work on /home/airflow/.local/lib/python3.7/site-packages/airflow/example_dags/example_xcomargs.py
[2022-05-16 20:24:29,332] {processor.py:641} INFO - Processing file /home/airflow/.local/lib/python3.7/site-packages/airflow/example_dags/example_xcomargs.py for tasks to queue
[2022-05-16 20:24:29,333] {logging_mixin.py:115} INFO - [2022-05-16 20:24:29,333] {dagbag.py:507} INFO - Filling up the DagBag from /home/airflow/.local/lib/python3.7/site-packages/airflow/example_dags/example_xcomargs.py
[2022-05-16 20:24:29,345] {processor.py:651} INFO - DAG(s) dict_keys(['example_xcom_args', 'example_xcom_args_with_operators']) retrieved from /home/airflow/.local/lib/python3.7/site-packages/airflow/example_dags/example_xcomargs.py
[2022-05-16 20:24:29,503] {logging_mixin.py:115} INFO - [2022-05-16 20:24:29,503] {dag.py:2371} INFO - Sync 2 DAGs
[2022-05-16 20:24:29,516] {logging_mixin.py:115} INFO - [2022-05-16 20:24:29,516] {dag.py:2919} INFO - Setting next_dagrun for example_xcom_args to None, run_after=None
[2022-05-16 20:24:29,518] {logging_mixin.py:115} INFO - [2022-05-16 20:24:29,518] {dag.py:2919} INFO - Setting next_dagrun for example_xcom_args_with_operators to None, run_after=None
[2022-05-16 20:24:29,528] {processor.py:161} INFO - Processing /home/airflow/.local/lib/python3.7/site-packages/airflow/example_dags/example_xcomargs.py took 0.200 seconds
[2022-05-16 20:25:00,026] {processor.py:153} INFO - Started process (PID=384) to work on /home/airflow/.local/lib/python3.7/site-packages/airflow/example_dags/example_xcomargs.py
[2022-05-16 20:25:00,032] {processor.py:641} INFO - Processing file /home/airflow/.local/lib/python3.7/site-packages/airflow/example_dags/example_xcomargs.py for tasks to queue
[2022-05-16 20:25:00,034] {logging_mixin.py:115} INFO - [2022-05-16 20:25:00,034] {dagbag.py:507} INFO - Filling up the DagBag from /home/airflow/.local/lib/python3.7/site-packages/airflow/example_dags/example_xcomargs.py
[2022-05-16 20:25:00,058] {processor.py:651} INFO - DAG(s) dict_keys(['example_xcom_args', 'example_xcom_args_with_operators']) retrieved from /home/airflow/.local/lib/python3.7/site-packages/airflow/example_dags/example_xcomargs.py
[2022-05-16 20:25:00,231] {logging_mixin.py:115} INFO - [2022-05-16 20:25:00,230] {dag.py:2371} INFO - Sync 2 DAGs
[2022-05-16 20:25:00,243] {logging_mixin.py:115} INFO - [2022-05-16 20:25:00,243] {dag.py:2919} INFO - Setting next_dagrun for example_xcom_args to None, run_after=None
[2022-05-16 20:25:00,244] {logging_mixin.py:115} INFO - [2022-05-16 20:25:00,244] {dag.py:2919} INFO - Setting next_dagrun for example_xcom_args_with_operators to None, run_after=None
[2022-05-16 20:25:00,253] {processor.py:161} INFO - Processing /home/airflow/.local/lib/python3.7/site-packages/airflow/example_dags/example_xcomargs.py took 0.234 seconds
[2022-05-16 20:25:30,845] {processor.py:153} INFO - Started process (PID=448) to work on /home/airflow/.local/lib/python3.7/site-packages/airflow/example_dags/example_xcomargs.py
[2022-05-16 20:25:30,847] {processor.py:641} INFO - Processing file /home/airflow/.local/lib/python3.7/site-packages/airflow/example_dags/example_xcomargs.py for tasks to queue
[2022-05-16 20:25:30,849] {logging_mixin.py:115} INFO - [2022-05-16 20:25:30,849] {dagbag.py:507} INFO - Filling up the DagBag from /home/airflow/.local/lib/python3.7/site-packages/airflow/example_dags/example_xcomargs.py
[2022-05-16 20:25:30,868] {processor.py:651} INFO - DAG(s) dict_keys(['example_xcom_args', 'example_xcom_args_with_operators']) retrieved from /home/airflow/.local/lib/python3.7/site-packages/airflow/example_dags/example_xcomargs.py
[2022-05-16 20:25:31,026] {logging_mixin.py:115} INFO - [2022-05-16 20:25:31,026] {dag.py:2371} INFO - Sync 2 DAGs
[2022-05-16 20:25:31,038] {logging_mixin.py:115} INFO - [2022-05-16 20:25:31,038] {dag.py:2919} INFO - Setting next_dagrun for example_xcom_args to None, run_after=None
[2022-05-16 20:25:31,039] {logging_mixin.py:115} INFO - [2022-05-16 20:25:31,039] {dag.py:2919} INFO - Setting next_dagrun for example_xcom_args_with_operators to None, run_after=None
[2022-05-16 20:25:31,047] {processor.py:161} INFO - Processing /home/airflow/.local/lib/python3.7/site-packages/airflow/example_dags/example_xcomargs.py took 0.207 seconds
[2022-05-16 20:26:01,617] {processor.py:153} INFO - Started process (PID=512) to work on /home/airflow/.local/lib/python3.7/site-packages/airflow/example_dags/example_xcomargs.py
[2022-05-16 20:26:01,619] {processor.py:641} INFO - Processing file /home/airflow/.local/lib/python3.7/site-packages/airflow/example_dags/example_xcomargs.py for tasks to queue
[2022-05-16 20:26:01,622] {logging_mixin.py:115} INFO - [2022-05-16 20:26:01,622] {dagbag.py:507} INFO - Filling up the DagBag from /home/airflow/.local/lib/python3.7/site-packages/airflow/example_dags/example_xcomargs.py
[2022-05-16 20:26:01,646] {processor.py:651} INFO - DAG(s) dict_keys(['example_xcom_args', 'example_xcom_args_with_operators']) retrieved from /home/airflow/.local/lib/python3.7/site-packages/airflow/example_dags/example_xcomargs.py
[2022-05-16 20:26:02,040] {logging_mixin.py:115} INFO - [2022-05-16 20:26:02,040] {dag.py:2371} INFO - Sync 2 DAGs
[2022-05-16 20:26:02,065] {logging_mixin.py:115} INFO - [2022-05-16 20:26:02,065] {dag.py:2919} INFO - Setting next_dagrun for example_xcom_args to None, run_after=None
[2022-05-16 20:26:02,068] {logging_mixin.py:115} INFO - [2022-05-16 20:26:02,067] {dag.py:2919} INFO - Setting next_dagrun for example_xcom_args_with_operators to None, run_after=None
[2022-05-16 20:26:02,110] {processor.py:161} INFO - Processing /home/airflow/.local/lib/python3.7/site-packages/airflow/example_dags/example_xcomargs.py took 0.499 seconds
[2022-05-16 20:26:32,943] {processor.py:153} INFO - Started process (PID=567) to work on /home/airflow/.local/lib/python3.7/site-packages/airflow/example_dags/example_xcomargs.py
[2022-05-16 20:26:32,945] {processor.py:641} INFO - Processing file /home/airflow/.local/lib/python3.7/site-packages/airflow/example_dags/example_xcomargs.py for tasks to queue
[2022-05-16 20:26:32,952] {logging_mixin.py:115} INFO - [2022-05-16 20:26:32,951] {dagbag.py:507} INFO - Filling up the DagBag from /home/airflow/.local/lib/python3.7/site-packages/airflow/example_dags/example_xcomargs.py
[2022-05-16 20:26:32,988] {processor.py:651} INFO - DAG(s) dict_keys(['example_xcom_args', 'example_xcom_args_with_operators']) retrieved from /home/airflow/.local/lib/python3.7/site-packages/airflow/example_dags/example_xcomargs.py
[2022-05-16 20:26:33,295] {logging_mixin.py:115} INFO - [2022-05-16 20:26:33,295] {dag.py:2371} INFO - Sync 2 DAGs
[2022-05-16 20:26:33,316] {logging_mixin.py:115} INFO - [2022-05-16 20:26:33,316] {dag.py:2919} INFO - Setting next_dagrun for example_xcom_args to None, run_after=None
[2022-05-16 20:26:33,319] {logging_mixin.py:115} INFO - [2022-05-16 20:26:33,319] {dag.py:2919} INFO - Setting next_dagrun for example_xcom_args_with_operators to None, run_after=None
[2022-05-16 20:26:33,345] {processor.py:161} INFO - Processing /home/airflow/.local/lib/python3.7/site-packages/airflow/example_dags/example_xcomargs.py took 0.407 seconds
