[2022-05-16 20:22:19,156] {processor.py:153} INFO - Started process (PID=59) to work on /home/airflow/.local/lib/python3.7/site-packages/airflow/example_dags/example_branch_operator.py
[2022-05-16 20:22:19,220] {processor.py:641} INFO - Processing file /home/airflow/.local/lib/python3.7/site-packages/airflow/example_dags/example_branch_operator.py for tasks to queue
[2022-05-16 20:22:19,235] {logging_mixin.py:115} INFO - [2022-05-16 20:22:19,235] {dagbag.py:507} INFO - Filling up the DagBag from /home/airflow/.local/lib/python3.7/site-packages/airflow/example_dags/example_branch_operator.py
[2022-05-16 20:22:19,463] {processor.py:651} INFO - DAG(s) dict_keys(['example_branch_operator']) retrieved from /home/airflow/.local/lib/python3.7/site-packages/airflow/example_dags/example_branch_operator.py
[2022-05-16 20:22:23,825] {logging_mixin.py:115} INFO - [2022-05-16 20:22:23,824] {manager.py:508} INFO - Created Permission View: can delete on DAG:example_branch_operator
[2022-05-16 20:22:23,866] {logging_mixin.py:115} INFO - [2022-05-16 20:22:23,866] {manager.py:508} INFO - Created Permission View: can read on DAG:example_branch_operator
[2022-05-16 20:22:23,889] {logging_mixin.py:115} INFO - [2022-05-16 20:22:23,889] {manager.py:508} INFO - Created Permission View: can edit on DAG:example_branch_operator
[2022-05-16 20:22:23,891] {logging_mixin.py:115} INFO - [2022-05-16 20:22:23,890] {dag.py:2371} INFO - Sync 1 DAGs
[2022-05-16 20:22:23,911] {logging_mixin.py:115} INFO - [2022-05-16 20:22:23,911] {dag.py:2390} INFO - Creating ORM DAG for example_branch_operator
[2022-05-16 20:22:23,958] {logging_mixin.py:115} INFO - [2022-05-16 20:22:23,958] {dag.py:2919} INFO - Setting next_dagrun for example_branch_operator to 2022-05-15T00:00:00+00:00, run_after=2022-05-16T00:00:00+00:00
[2022-05-16 20:22:24,031] {processor.py:161} INFO - Processing /home/airflow/.local/lib/python3.7/site-packages/airflow/example_dags/example_branch_operator.py took 4.915 seconds
[2022-05-16 20:22:54,607] {processor.py:153} INFO - Started process (PID=114) to work on /home/airflow/.local/lib/python3.7/site-packages/airflow/example_dags/example_branch_operator.py
[2022-05-16 20:22:54,609] {processor.py:641} INFO - Processing file /home/airflow/.local/lib/python3.7/site-packages/airflow/example_dags/example_branch_operator.py for tasks to queue
[2022-05-16 20:22:54,611] {logging_mixin.py:115} INFO - [2022-05-16 20:22:54,611] {dagbag.py:507} INFO - Filling up the DagBag from /home/airflow/.local/lib/python3.7/site-packages/airflow/example_dags/example_branch_operator.py
[2022-05-16 20:22:54,627] {processor.py:651} INFO - DAG(s) dict_keys(['example_branch_operator']) retrieved from /home/airflow/.local/lib/python3.7/site-packages/airflow/example_dags/example_branch_operator.py
[2022-05-16 20:22:54,664] {logging_mixin.py:115} INFO - [2022-05-16 20:22:54,664] {dag.py:2371} INFO - Sync 1 DAGs
[2022-05-16 20:22:54,700] {logging_mixin.py:115} INFO - [2022-05-16 20:22:54,700] {dag.py:2919} INFO - Setting next_dagrun for example_branch_operator to 2022-05-15T00:00:00+00:00, run_after=2022-05-16T00:00:00+00:00
[2022-05-16 20:22:54,718] {processor.py:161} INFO - Processing /home/airflow/.local/lib/python3.7/site-packages/airflow/example_dags/example_branch_operator.py took 0.115 seconds
[2022-05-16 20:23:25,505] {processor.py:153} INFO - Started process (PID=180) to work on /home/airflow/.local/lib/python3.7/site-packages/airflow/example_dags/example_branch_operator.py
[2022-05-16 20:23:25,506] {processor.py:641} INFO - Processing file /home/airflow/.local/lib/python3.7/site-packages/airflow/example_dags/example_branch_operator.py for tasks to queue
[2022-05-16 20:23:25,507] {logging_mixin.py:115} INFO - [2022-05-16 20:23:25,507] {dagbag.py:507} INFO - Filling up the DagBag from /home/airflow/.local/lib/python3.7/site-packages/airflow/example_dags/example_branch_operator.py
[2022-05-16 20:23:25,521] {processor.py:651} INFO - DAG(s) dict_keys(['example_branch_operator']) retrieved from /home/airflow/.local/lib/python3.7/site-packages/airflow/example_dags/example_branch_operator.py
[2022-05-16 20:23:25,545] {logging_mixin.py:115} INFO - [2022-05-16 20:23:25,545] {dag.py:2371} INFO - Sync 1 DAGs
[2022-05-16 20:23:25,565] {logging_mixin.py:115} INFO - [2022-05-16 20:23:25,565] {dag.py:2919} INFO - Setting next_dagrun for example_branch_operator to 2022-05-15T00:00:00+00:00, run_after=2022-05-16T00:00:00+00:00
[2022-05-16 20:23:25,576] {processor.py:161} INFO - Processing /home/airflow/.local/lib/python3.7/site-packages/airflow/example_dags/example_branch_operator.py took 0.073 seconds
[2022-05-16 20:23:56,090] {processor.py:153} INFO - Started process (PID=245) to work on /home/airflow/.local/lib/python3.7/site-packages/airflow/example_dags/example_branch_operator.py
[2022-05-16 20:23:56,092] {processor.py:641} INFO - Processing file /home/airflow/.local/lib/python3.7/site-packages/airflow/example_dags/example_branch_operator.py for tasks to queue
[2022-05-16 20:23:56,094] {logging_mixin.py:115} INFO - [2022-05-16 20:23:56,094] {dagbag.py:507} INFO - Filling up the DagBag from /home/airflow/.local/lib/python3.7/site-packages/airflow/example_dags/example_branch_operator.py
[2022-05-16 20:23:56,105] {processor.py:651} INFO - DAG(s) dict_keys(['example_branch_operator']) retrieved from /home/airflow/.local/lib/python3.7/site-packages/airflow/example_dags/example_branch_operator.py
[2022-05-16 20:23:56,132] {logging_mixin.py:115} INFO - [2022-05-16 20:23:56,132] {dag.py:2371} INFO - Sync 1 DAGs
[2022-05-16 20:23:56,155] {logging_mixin.py:115} INFO - [2022-05-16 20:23:56,155] {dag.py:2919} INFO - Setting next_dagrun for example_branch_operator to 2022-05-15T00:00:00+00:00, run_after=2022-05-16T00:00:00+00:00
[2022-05-16 20:23:56,168] {processor.py:161} INFO - Processing /home/airflow/.local/lib/python3.7/site-packages/airflow/example_dags/example_branch_operator.py took 0.081 seconds
[2022-05-16 20:24:26,664] {processor.py:153} INFO - Started process (PID=309) to work on /home/airflow/.local/lib/python3.7/site-packages/airflow/example_dags/example_branch_operator.py
[2022-05-16 20:24:26,665] {processor.py:641} INFO - Processing file /home/airflow/.local/lib/python3.7/site-packages/airflow/example_dags/example_branch_operator.py for tasks to queue
[2022-05-16 20:24:26,666] {logging_mixin.py:115} INFO - [2022-05-16 20:24:26,666] {dagbag.py:507} INFO - Filling up the DagBag from /home/airflow/.local/lib/python3.7/site-packages/airflow/example_dags/example_branch_operator.py
[2022-05-16 20:24:26,674] {processor.py:651} INFO - DAG(s) dict_keys(['example_branch_operator']) retrieved from /home/airflow/.local/lib/python3.7/site-packages/airflow/example_dags/example_branch_operator.py
[2022-05-16 20:24:26,692] {logging_mixin.py:115} INFO - [2022-05-16 20:24:26,692] {dag.py:2371} INFO - Sync 1 DAGs
[2022-05-16 20:24:26,708] {logging_mixin.py:115} INFO - [2022-05-16 20:24:26,707] {dag.py:2919} INFO - Setting next_dagrun for example_branch_operator to 2022-05-15T00:00:00+00:00, run_after=2022-05-16T00:00:00+00:00
[2022-05-16 20:24:26,715] {processor.py:161} INFO - Processing /home/airflow/.local/lib/python3.7/site-packages/airflow/example_dags/example_branch_operator.py took 0.054 seconds
[2022-05-16 20:24:57,289] {processor.py:153} INFO - Started process (PID=374) to work on /home/airflow/.local/lib/python3.7/site-packages/airflow/example_dags/example_branch_operator.py
[2022-05-16 20:24:57,291] {processor.py:641} INFO - Processing file /home/airflow/.local/lib/python3.7/site-packages/airflow/example_dags/example_branch_operator.py for tasks to queue
[2022-05-16 20:24:57,292] {logging_mixin.py:115} INFO - [2022-05-16 20:24:57,292] {dagbag.py:507} INFO - Filling up the DagBag from /home/airflow/.local/lib/python3.7/site-packages/airflow/example_dags/example_branch_operator.py
[2022-05-16 20:24:57,299] {processor.py:651} INFO - DAG(s) dict_keys(['example_branch_operator']) retrieved from /home/airflow/.local/lib/python3.7/site-packages/airflow/example_dags/example_branch_operator.py
[2022-05-16 20:24:57,319] {logging_mixin.py:115} INFO - [2022-05-16 20:24:57,319] {dag.py:2371} INFO - Sync 1 DAGs
[2022-05-16 20:24:57,334] {logging_mixin.py:115} INFO - [2022-05-16 20:24:57,334] {dag.py:2919} INFO - Setting next_dagrun for example_branch_operator to 2022-05-15T00:00:00+00:00, run_after=2022-05-16T00:00:00+00:00
[2022-05-16 20:24:57,344] {processor.py:161} INFO - Processing /home/airflow/.local/lib/python3.7/site-packages/airflow/example_dags/example_branch_operator.py took 0.057 seconds
[2022-05-16 20:25:28,093] {processor.py:153} INFO - Started process (PID=438) to work on /home/airflow/.local/lib/python3.7/site-packages/airflow/example_dags/example_branch_operator.py
[2022-05-16 20:25:28,096] {processor.py:641} INFO - Processing file /home/airflow/.local/lib/python3.7/site-packages/airflow/example_dags/example_branch_operator.py for tasks to queue
[2022-05-16 20:25:28,098] {logging_mixin.py:115} INFO - [2022-05-16 20:25:28,098] {dagbag.py:507} INFO - Filling up the DagBag from /home/airflow/.local/lib/python3.7/site-packages/airflow/example_dags/example_branch_operator.py
[2022-05-16 20:25:28,131] {processor.py:651} INFO - DAG(s) dict_keys(['example_branch_operator']) retrieved from /home/airflow/.local/lib/python3.7/site-packages/airflow/example_dags/example_branch_operator.py
[2022-05-16 20:25:28,200] {logging_mixin.py:115} INFO - [2022-05-16 20:25:28,200] {dag.py:2371} INFO - Sync 1 DAGs
[2022-05-16 20:25:28,236] {logging_mixin.py:115} INFO - [2022-05-16 20:25:28,236] {dag.py:2919} INFO - Setting next_dagrun for example_branch_operator to 2022-05-15T00:00:00+00:00, run_after=2022-05-16T00:00:00+00:00
[2022-05-16 20:25:28,252] {processor.py:161} INFO - Processing /home/airflow/.local/lib/python3.7/site-packages/airflow/example_dags/example_branch_operator.py took 0.165 seconds
[2022-05-16 20:25:58,734] {processor.py:153} INFO - Started process (PID=492) to work on /home/airflow/.local/lib/python3.7/site-packages/airflow/example_dags/example_branch_operator.py
[2022-05-16 20:25:58,737] {processor.py:641} INFO - Processing file /home/airflow/.local/lib/python3.7/site-packages/airflow/example_dags/example_branch_operator.py for tasks to queue
[2022-05-16 20:25:58,741] {logging_mixin.py:115} INFO - [2022-05-16 20:25:58,741] {dagbag.py:507} INFO - Filling up the DagBag from /home/airflow/.local/lib/python3.7/site-packages/airflow/example_dags/example_branch_operator.py
[2022-05-16 20:25:58,776] {processor.py:651} INFO - DAG(s) dict_keys(['example_branch_operator']) retrieved from /home/airflow/.local/lib/python3.7/site-packages/airflow/example_dags/example_branch_operator.py
[2022-05-16 20:25:58,842] {logging_mixin.py:115} INFO - [2022-05-16 20:25:58,842] {dag.py:2371} INFO - Sync 1 DAGs
[2022-05-16 20:25:58,876] {logging_mixin.py:115} INFO - [2022-05-16 20:25:58,876] {dag.py:2919} INFO - Setting next_dagrun for example_branch_operator to 2022-05-15T00:00:00+00:00, run_after=2022-05-16T00:00:00+00:00
[2022-05-16 20:25:58,892] {processor.py:161} INFO - Processing /home/airflow/.local/lib/python3.7/site-packages/airflow/example_dags/example_branch_operator.py took 0.170 seconds
[2022-05-16 20:26:29,045] {processor.py:153} INFO - Started process (PID=557) to work on /home/airflow/.local/lib/python3.7/site-packages/airflow/example_dags/example_branch_operator.py
[2022-05-16 20:26:29,047] {processor.py:641} INFO - Processing file /home/airflow/.local/lib/python3.7/site-packages/airflow/example_dags/example_branch_operator.py for tasks to queue
[2022-05-16 20:26:29,048] {logging_mixin.py:115} INFO - [2022-05-16 20:26:29,048] {dagbag.py:507} INFO - Filling up the DagBag from /home/airflow/.local/lib/python3.7/site-packages/airflow/example_dags/example_branch_operator.py
[2022-05-16 20:26:29,063] {processor.py:651} INFO - DAG(s) dict_keys(['example_branch_operator']) retrieved from /home/airflow/.local/lib/python3.7/site-packages/airflow/example_dags/example_branch_operator.py
[2022-05-16 20:26:29,093] {logging_mixin.py:115} INFO - [2022-05-16 20:26:29,092] {dag.py:2371} INFO - Sync 1 DAGs
[2022-05-16 20:26:29,115] {logging_mixin.py:115} INFO - [2022-05-16 20:26:29,115] {dag.py:2919} INFO - Setting next_dagrun for example_branch_operator to 2022-05-15T00:00:00+00:00, run_after=2022-05-16T00:00:00+00:00
[2022-05-16 20:26:29,132] {processor.py:161} INFO - Processing /home/airflow/.local/lib/python3.7/site-packages/airflow/example_dags/example_branch_operator.py took 0.091 seconds
