[2022-05-16 20:22:04,576] {processor.py:153} INFO - Started process (PID=45) to work on /home/airflow/.local/lib/python3.7/site-packages/airflow/example_dags/example_sla_dag.py
[2022-05-16 20:22:04,579] {processor.py:641} INFO - Processing file /home/airflow/.local/lib/python3.7/site-packages/airflow/example_dags/example_sla_dag.py for tasks to queue
[2022-05-16 20:22:04,582] {logging_mixin.py:115} INFO - [2022-05-16 20:22:04,582] {dagbag.py:507} INFO - Filling up the DagBag from /home/airflow/.local/lib/python3.7/site-packages/airflow/example_dags/example_sla_dag.py
[2022-05-16 20:22:04,643] {processor.py:651} INFO - DAG(s) dict_keys(['example_sla_dag']) retrieved from /home/airflow/.local/lib/python3.7/site-packages/airflow/example_dags/example_sla_dag.py
[2022-05-16 20:22:06,032] {logging_mixin.py:115} INFO - [2022-05-16 20:22:06,032] {manager.py:508} INFO - Created Permission View: can delete on DAG:example_sla_dag
[2022-05-16 20:22:06,325] {logging_mixin.py:115} INFO - [2022-05-16 20:22:06,325] {manager.py:508} INFO - Created Permission View: can read on DAG:example_sla_dag
[2022-05-16 20:22:06,407] {logging_mixin.py:115} INFO - [2022-05-16 20:22:06,380] {manager.py:508} INFO - Created Permission View: can edit on DAG:example_sla_dag
[2022-05-16 20:22:06,410] {logging_mixin.py:115} INFO - [2022-05-16 20:22:06,410] {dag.py:2371} INFO - Sync 1 DAGs
[2022-05-16 20:22:06,671] {logging_mixin.py:115} INFO - [2022-05-16 20:22:06,670] {dag.py:2390} INFO - Creating ORM DAG for example_sla_dag
[2022-05-16 20:22:07,523] {logging_mixin.py:115} INFO - [2022-05-16 20:22:07,523] {dag.py:2919} INFO - Setting next_dagrun for example_sla_dag to 2022-05-16T20:20:00+00:00, run_after=2022-05-16T20:22:00+00:00
[2022-05-16 20:22:07,639] {processor.py:161} INFO - Processing /home/airflow/.local/lib/python3.7/site-packages/airflow/example_dags/example_sla_dag.py took 3.069 seconds
[2022-05-16 20:22:37,936] {processor.py:153} INFO - Started process (PID=97) to work on /home/airflow/.local/lib/python3.7/site-packages/airflow/example_dags/example_sla_dag.py
[2022-05-16 20:22:37,938] {processor.py:641} INFO - Processing file /home/airflow/.local/lib/python3.7/site-packages/airflow/example_dags/example_sla_dag.py for tasks to queue
[2022-05-16 20:22:37,940] {logging_mixin.py:115} INFO - [2022-05-16 20:22:37,940] {dagbag.py:507} INFO - Filling up the DagBag from /home/airflow/.local/lib/python3.7/site-packages/airflow/example_dags/example_sla_dag.py
[2022-05-16 20:22:37,985] {processor.py:651} INFO - DAG(s) dict_keys(['example_sla_dag']) retrieved from /home/airflow/.local/lib/python3.7/site-packages/airflow/example_dags/example_sla_dag.py
[2022-05-16 20:22:38,026] {logging_mixin.py:115} INFO - [2022-05-16 20:22:38,026] {dag.py:2371} INFO - Sync 1 DAGs
[2022-05-16 20:22:38,285] {logging_mixin.py:115} INFO - [2022-05-16 20:22:38,284] {dag.py:2919} INFO - Setting next_dagrun for example_sla_dag to 2022-05-16T20:20:00+00:00, run_after=2022-05-16T20:22:00+00:00
[2022-05-16 20:22:38,299] {processor.py:161} INFO - Processing /home/airflow/.local/lib/python3.7/site-packages/airflow/example_dags/example_sla_dag.py took 0.370 seconds
[2022-05-16 20:23:08,944] {processor.py:153} INFO - Started process (PID=162) to work on /home/airflow/.local/lib/python3.7/site-packages/airflow/example_dags/example_sla_dag.py
[2022-05-16 20:23:08,946] {processor.py:641} INFO - Processing file /home/airflow/.local/lib/python3.7/site-packages/airflow/example_dags/example_sla_dag.py for tasks to queue
[2022-05-16 20:23:08,948] {logging_mixin.py:115} INFO - [2022-05-16 20:23:08,948] {dagbag.py:507} INFO - Filling up the DagBag from /home/airflow/.local/lib/python3.7/site-packages/airflow/example_dags/example_sla_dag.py
[2022-05-16 20:23:08,961] {processor.py:651} INFO - DAG(s) dict_keys(['example_sla_dag']) retrieved from /home/airflow/.local/lib/python3.7/site-packages/airflow/example_dags/example_sla_dag.py
[2022-05-16 20:23:08,981] {logging_mixin.py:115} INFO - [2022-05-16 20:23:08,981] {dag.py:2371} INFO - Sync 1 DAGs
[2022-05-16 20:23:09,156] {logging_mixin.py:115} INFO - [2022-05-16 20:23:09,155] {dag.py:2919} INFO - Setting next_dagrun for example_sla_dag to 2022-05-16T20:20:00+00:00, run_after=2022-05-16T20:22:00+00:00
[2022-05-16 20:23:09,171] {processor.py:161} INFO - Processing /home/airflow/.local/lib/python3.7/site-packages/airflow/example_dags/example_sla_dag.py took 0.231 seconds
[2022-05-16 20:23:39,623] {processor.py:153} INFO - Started process (PID=229) to work on /home/airflow/.local/lib/python3.7/site-packages/airflow/example_dags/example_sla_dag.py
[2022-05-16 20:23:39,626] {processor.py:641} INFO - Processing file /home/airflow/.local/lib/python3.7/site-packages/airflow/example_dags/example_sla_dag.py for tasks to queue
[2022-05-16 20:23:39,629] {logging_mixin.py:115} INFO - [2022-05-16 20:23:39,629] {dagbag.py:507} INFO - Filling up the DagBag from /home/airflow/.local/lib/python3.7/site-packages/airflow/example_dags/example_sla_dag.py
[2022-05-16 20:23:39,653] {processor.py:651} INFO - DAG(s) dict_keys(['example_sla_dag']) retrieved from /home/airflow/.local/lib/python3.7/site-packages/airflow/example_dags/example_sla_dag.py
[2022-05-16 20:23:39,701] {logging_mixin.py:115} INFO - [2022-05-16 20:23:39,701] {dag.py:2371} INFO - Sync 1 DAGs
[2022-05-16 20:23:39,923] {logging_mixin.py:115} INFO - [2022-05-16 20:23:39,923] {dag.py:2919} INFO - Setting next_dagrun for example_sla_dag to 2022-05-16T20:20:00+00:00, run_after=2022-05-16T20:22:00+00:00
[2022-05-16 20:23:39,932] {processor.py:161} INFO - Processing /home/airflow/.local/lib/python3.7/site-packages/airflow/example_dags/example_sla_dag.py took 0.319 seconds
[2022-05-16 20:24:10,214] {processor.py:153} INFO - Started process (PID=284) to work on /home/airflow/.local/lib/python3.7/site-packages/airflow/example_dags/example_sla_dag.py
[2022-05-16 20:24:10,216] {processor.py:641} INFO - Processing file /home/airflow/.local/lib/python3.7/site-packages/airflow/example_dags/example_sla_dag.py for tasks to queue
[2022-05-16 20:24:10,218] {logging_mixin.py:115} INFO - [2022-05-16 20:24:10,218] {dagbag.py:507} INFO - Filling up the DagBag from /home/airflow/.local/lib/python3.7/site-packages/airflow/example_dags/example_sla_dag.py
[2022-05-16 20:24:10,246] {processor.py:651} INFO - DAG(s) dict_keys(['example_sla_dag']) retrieved from /home/airflow/.local/lib/python3.7/site-packages/airflow/example_dags/example_sla_dag.py
[2022-05-16 20:24:10,290] {logging_mixin.py:115} INFO - [2022-05-16 20:24:10,290] {dag.py:2371} INFO - Sync 1 DAGs
[2022-05-16 20:24:10,499] {logging_mixin.py:115} INFO - [2022-05-16 20:24:10,499] {dag.py:2919} INFO - Setting next_dagrun for example_sla_dag to 2022-05-16T20:22:00+00:00, run_after=2022-05-16T20:24:00+00:00
[2022-05-16 20:24:10,511] {processor.py:161} INFO - Processing /home/airflow/.local/lib/python3.7/site-packages/airflow/example_dags/example_sla_dag.py took 0.305 seconds
[2022-05-16 20:24:40,691] {processor.py:153} INFO - Started process (PID=347) to work on /home/airflow/.local/lib/python3.7/site-packages/airflow/example_dags/example_sla_dag.py
[2022-05-16 20:24:40,694] {processor.py:641} INFO - Processing file /home/airflow/.local/lib/python3.7/site-packages/airflow/example_dags/example_sla_dag.py for tasks to queue
[2022-05-16 20:24:40,695] {logging_mixin.py:115} INFO - [2022-05-16 20:24:40,695] {dagbag.py:507} INFO - Filling up the DagBag from /home/airflow/.local/lib/python3.7/site-packages/airflow/example_dags/example_sla_dag.py
[2022-05-16 20:24:40,717] {processor.py:651} INFO - DAG(s) dict_keys(['example_sla_dag']) retrieved from /home/airflow/.local/lib/python3.7/site-packages/airflow/example_dags/example_sla_dag.py
[2022-05-16 20:24:40,744] {logging_mixin.py:115} INFO - [2022-05-16 20:24:40,744] {dag.py:2371} INFO - Sync 1 DAGs
[2022-05-16 20:24:40,964] {logging_mixin.py:115} INFO - [2022-05-16 20:24:40,964] {dag.py:2919} INFO - Setting next_dagrun for example_sla_dag to 2022-05-16T20:22:00+00:00, run_after=2022-05-16T20:24:00+00:00
[2022-05-16 20:24:40,981] {processor.py:161} INFO - Processing /home/airflow/.local/lib/python3.7/site-packages/airflow/example_dags/example_sla_dag.py took 0.298 seconds
[2022-05-16 20:25:11,339] {processor.py:153} INFO - Started process (PID=412) to work on /home/airflow/.local/lib/python3.7/site-packages/airflow/example_dags/example_sla_dag.py
[2022-05-16 20:25:11,341] {processor.py:641} INFO - Processing file /home/airflow/.local/lib/python3.7/site-packages/airflow/example_dags/example_sla_dag.py for tasks to queue
[2022-05-16 20:25:11,346] {logging_mixin.py:115} INFO - [2022-05-16 20:25:11,346] {dagbag.py:507} INFO - Filling up the DagBag from /home/airflow/.local/lib/python3.7/site-packages/airflow/example_dags/example_sla_dag.py
[2022-05-16 20:25:11,367] {processor.py:651} INFO - DAG(s) dict_keys(['example_sla_dag']) retrieved from /home/airflow/.local/lib/python3.7/site-packages/airflow/example_dags/example_sla_dag.py
[2022-05-16 20:25:11,397] {logging_mixin.py:115} INFO - [2022-05-16 20:25:11,397] {dag.py:2371} INFO - Sync 1 DAGs
[2022-05-16 20:25:11,557] {logging_mixin.py:115} INFO - [2022-05-16 20:25:11,557] {dag.py:2919} INFO - Setting next_dagrun for example_sla_dag to 2022-05-16T20:22:00+00:00, run_after=2022-05-16T20:24:00+00:00
[2022-05-16 20:25:11,568] {processor.py:161} INFO - Processing /home/airflow/.local/lib/python3.7/site-packages/airflow/example_dags/example_sla_dag.py took 0.233 seconds
[2022-05-16 20:25:42,298] {processor.py:153} INFO - Started process (PID=476) to work on /home/airflow/.local/lib/python3.7/site-packages/airflow/example_dags/example_sla_dag.py
[2022-05-16 20:25:42,299] {processor.py:641} INFO - Processing file /home/airflow/.local/lib/python3.7/site-packages/airflow/example_dags/example_sla_dag.py for tasks to queue
[2022-05-16 20:25:42,301] {logging_mixin.py:115} INFO - [2022-05-16 20:25:42,301] {dagbag.py:507} INFO - Filling up the DagBag from /home/airflow/.local/lib/python3.7/site-packages/airflow/example_dags/example_sla_dag.py
[2022-05-16 20:25:42,326] {processor.py:651} INFO - DAG(s) dict_keys(['example_sla_dag']) retrieved from /home/airflow/.local/lib/python3.7/site-packages/airflow/example_dags/example_sla_dag.py
[2022-05-16 20:25:42,353] {logging_mixin.py:115} INFO - [2022-05-16 20:25:42,353] {dag.py:2371} INFO - Sync 1 DAGs
[2022-05-16 20:25:42,565] {logging_mixin.py:115} INFO - [2022-05-16 20:25:42,565] {dag.py:2919} INFO - Setting next_dagrun for example_sla_dag to 2022-05-16T20:22:00+00:00, run_after=2022-05-16T20:24:00+00:00
[2022-05-16 20:25:42,573] {processor.py:161} INFO - Processing /home/airflow/.local/lib/python3.7/site-packages/airflow/example_dags/example_sla_dag.py took 0.279 seconds
[2022-05-16 20:26:13,014] {processor.py:153} INFO - Started process (PID=540) to work on /home/airflow/.local/lib/python3.7/site-packages/airflow/example_dags/example_sla_dag.py
[2022-05-16 20:26:13,017] {processor.py:641} INFO - Processing file /home/airflow/.local/lib/python3.7/site-packages/airflow/example_dags/example_sla_dag.py for tasks to queue
[2022-05-16 20:26:13,018] {logging_mixin.py:115} INFO - [2022-05-16 20:26:13,018] {dagbag.py:507} INFO - Filling up the DagBag from /home/airflow/.local/lib/python3.7/site-packages/airflow/example_dags/example_sla_dag.py
[2022-05-16 20:26:13,049] {processor.py:651} INFO - DAG(s) dict_keys(['example_sla_dag']) retrieved from /home/airflow/.local/lib/python3.7/site-packages/airflow/example_dags/example_sla_dag.py
[2022-05-16 20:26:13,094] {logging_mixin.py:115} INFO - [2022-05-16 20:26:13,094] {dag.py:2371} INFO - Sync 1 DAGs
[2022-05-16 20:26:13,427] {logging_mixin.py:115} INFO - [2022-05-16 20:26:13,427] {dag.py:2919} INFO - Setting next_dagrun for example_sla_dag to 2022-05-16T20:24:00+00:00, run_after=2022-05-16T20:26:00+00:00
[2022-05-16 20:26:13,438] {processor.py:161} INFO - Processing /home/airflow/.local/lib/python3.7/site-packages/airflow/example_dags/example_sla_dag.py took 0.428 seconds
