[2022-05-16 20:22:25,541] {processor.py:153} INFO - Started process (PID=66) to work on /home/airflow/.local/lib/python3.7/site-packages/airflow/example_dags/tutorial.py
[2022-05-16 20:22:25,544] {processor.py:641} INFO - Processing file /home/airflow/.local/lib/python3.7/site-packages/airflow/example_dags/tutorial.py for tasks to queue
[2022-05-16 20:22:25,548] {logging_mixin.py:115} INFO - [2022-05-16 20:22:25,548] {dagbag.py:507} INFO - Filling up the DagBag from /home/airflow/.local/lib/python3.7/site-packages/airflow/example_dags/tutorial.py
[2022-05-16 20:22:25,567] {processor.py:651} INFO - DAG(s) dict_keys(['tutorial']) retrieved from /home/airflow/.local/lib/python3.7/site-packages/airflow/example_dags/tutorial.py
[2022-05-16 20:22:25,865] {logging_mixin.py:115} INFO - [2022-05-16 20:22:25,865] {manager.py:508} INFO - Created Permission View: can delete on DAG:tutorial
[2022-05-16 20:22:25,880] {logging_mixin.py:115} INFO - [2022-05-16 20:22:25,880] {manager.py:508} INFO - Created Permission View: can read on DAG:tutorial
[2022-05-16 20:22:25,888] {logging_mixin.py:115} INFO - [2022-05-16 20:22:25,888] {manager.py:508} INFO - Created Permission View: can edit on DAG:tutorial
[2022-05-16 20:22:25,890] {logging_mixin.py:115} INFO - [2022-05-16 20:22:25,890] {dag.py:2371} INFO - Sync 1 DAGs
[2022-05-16 20:22:25,899] {logging_mixin.py:115} INFO - [2022-05-16 20:22:25,899] {dag.py:2390} INFO - Creating ORM DAG for tutorial
[2022-05-16 20:22:25,913] {logging_mixin.py:115} INFO - [2022-05-16 20:22:25,913] {dag.py:2919} INFO - Setting next_dagrun for tutorial to 2022-05-15T20:22:25.913575+00:00, run_after=2022-05-16T20:22:25.913575+00:00
[2022-05-16 20:22:25,930] {processor.py:161} INFO - Processing /home/airflow/.local/lib/python3.7/site-packages/airflow/example_dags/tutorial.py took 0.392 seconds
[2022-05-16 20:22:56,344] {processor.py:153} INFO - Started process (PID=130) to work on /home/airflow/.local/lib/python3.7/site-packages/airflow/example_dags/tutorial.py
[2022-05-16 20:22:56,345] {processor.py:641} INFO - Processing file /home/airflow/.local/lib/python3.7/site-packages/airflow/example_dags/tutorial.py for tasks to queue
[2022-05-16 20:22:56,346] {logging_mixin.py:115} INFO - [2022-05-16 20:22:56,346] {dagbag.py:507} INFO - Filling up the DagBag from /home/airflow/.local/lib/python3.7/site-packages/airflow/example_dags/tutorial.py
[2022-05-16 20:22:56,350] {processor.py:651} INFO - DAG(s) dict_keys(['tutorial']) retrieved from /home/airflow/.local/lib/python3.7/site-packages/airflow/example_dags/tutorial.py
[2022-05-16 20:22:56,366] {logging_mixin.py:115} INFO - [2022-05-16 20:22:56,366] {dag.py:2371} INFO - Sync 1 DAGs
[2022-05-16 20:22:56,378] {logging_mixin.py:115} INFO - [2022-05-16 20:22:56,378] {dag.py:2919} INFO - Setting next_dagrun for tutorial to 2022-05-15T20:22:56.378563+00:00, run_after=2022-05-16T20:22:56.378563+00:00
[2022-05-16 20:22:56,386] {processor.py:161} INFO - Processing /home/airflow/.local/lib/python3.7/site-packages/airflow/example_dags/tutorial.py took 0.045 seconds
[2022-05-16 20:23:27,172] {processor.py:153} INFO - Started process (PID=187) to work on /home/airflow/.local/lib/python3.7/site-packages/airflow/example_dags/tutorial.py
[2022-05-16 20:23:27,174] {processor.py:641} INFO - Processing file /home/airflow/.local/lib/python3.7/site-packages/airflow/example_dags/tutorial.py for tasks to queue
[2022-05-16 20:23:27,175] {logging_mixin.py:115} INFO - [2022-05-16 20:23:27,175] {dagbag.py:507} INFO - Filling up the DagBag from /home/airflow/.local/lib/python3.7/site-packages/airflow/example_dags/tutorial.py
[2022-05-16 20:23:27,179] {processor.py:651} INFO - DAG(s) dict_keys(['tutorial']) retrieved from /home/airflow/.local/lib/python3.7/site-packages/airflow/example_dags/tutorial.py
[2022-05-16 20:23:27,197] {logging_mixin.py:115} INFO - [2022-05-16 20:23:27,197] {dag.py:2371} INFO - Sync 1 DAGs
[2022-05-16 20:23:27,209] {logging_mixin.py:115} INFO - [2022-05-16 20:23:27,209] {dag.py:2919} INFO - Setting next_dagrun for tutorial to 2022-05-15T20:23:27.209643+00:00, run_after=2022-05-16T20:23:27.209643+00:00
[2022-05-16 20:23:27,219] {processor.py:161} INFO - Processing /home/airflow/.local/lib/python3.7/site-packages/airflow/example_dags/tutorial.py took 0.049 seconds
[2022-05-16 20:23:57,791] {processor.py:153} INFO - Started process (PID=252) to work on /home/airflow/.local/lib/python3.7/site-packages/airflow/example_dags/tutorial.py
[2022-05-16 20:23:57,792] {processor.py:641} INFO - Processing file /home/airflow/.local/lib/python3.7/site-packages/airflow/example_dags/tutorial.py for tasks to queue
[2022-05-16 20:23:57,793] {logging_mixin.py:115} INFO - [2022-05-16 20:23:57,793] {dagbag.py:507} INFO - Filling up the DagBag from /home/airflow/.local/lib/python3.7/site-packages/airflow/example_dags/tutorial.py
[2022-05-16 20:23:57,798] {processor.py:651} INFO - DAG(s) dict_keys(['tutorial']) retrieved from /home/airflow/.local/lib/python3.7/site-packages/airflow/example_dags/tutorial.py
[2022-05-16 20:23:57,819] {logging_mixin.py:115} INFO - [2022-05-16 20:23:57,819] {dag.py:2371} INFO - Sync 1 DAGs
[2022-05-16 20:23:57,835] {logging_mixin.py:115} INFO - [2022-05-16 20:23:57,834] {dag.py:2919} INFO - Setting next_dagrun for tutorial to 2022-05-15T20:23:57.834702+00:00, run_after=2022-05-16T20:23:57.834702+00:00
[2022-05-16 20:23:57,848] {processor.py:161} INFO - Processing /home/airflow/.local/lib/python3.7/site-packages/airflow/example_dags/tutorial.py took 0.059 seconds
[2022-05-16 20:24:28,238] {processor.py:153} INFO - Started process (PID=316) to work on /home/airflow/.local/lib/python3.7/site-packages/airflow/example_dags/tutorial.py
[2022-05-16 20:24:28,239] {processor.py:641} INFO - Processing file /home/airflow/.local/lib/python3.7/site-packages/airflow/example_dags/tutorial.py for tasks to queue
[2022-05-16 20:24:28,240] {logging_mixin.py:115} INFO - [2022-05-16 20:24:28,240] {dagbag.py:507} INFO - Filling up the DagBag from /home/airflow/.local/lib/python3.7/site-packages/airflow/example_dags/tutorial.py
[2022-05-16 20:24:28,246] {processor.py:651} INFO - DAG(s) dict_keys(['tutorial']) retrieved from /home/airflow/.local/lib/python3.7/site-packages/airflow/example_dags/tutorial.py
[2022-05-16 20:24:28,270] {logging_mixin.py:115} INFO - [2022-05-16 20:24:28,270] {dag.py:2371} INFO - Sync 1 DAGs
[2022-05-16 20:24:28,285] {logging_mixin.py:115} INFO - [2022-05-16 20:24:28,285] {dag.py:2919} INFO - Setting next_dagrun for tutorial to 2022-05-15T20:24:28.285221+00:00, run_after=2022-05-16T20:24:28.285221+00:00
[2022-05-16 20:24:28,294] {processor.py:161} INFO - Processing /home/airflow/.local/lib/python3.7/site-packages/airflow/example_dags/tutorial.py took 0.059 seconds
[2022-05-16 20:24:58,898] {processor.py:153} INFO - Started process (PID=381) to work on /home/airflow/.local/lib/python3.7/site-packages/airflow/example_dags/tutorial.py
[2022-05-16 20:24:58,901] {processor.py:641} INFO - Processing file /home/airflow/.local/lib/python3.7/site-packages/airflow/example_dags/tutorial.py for tasks to queue
[2022-05-16 20:24:58,903] {logging_mixin.py:115} INFO - [2022-05-16 20:24:58,903] {dagbag.py:507} INFO - Filling up the DagBag from /home/airflow/.local/lib/python3.7/site-packages/airflow/example_dags/tutorial.py
[2022-05-16 20:24:58,910] {processor.py:651} INFO - DAG(s) dict_keys(['tutorial']) retrieved from /home/airflow/.local/lib/python3.7/site-packages/airflow/example_dags/tutorial.py
[2022-05-16 20:24:58,937] {logging_mixin.py:115} INFO - [2022-05-16 20:24:58,937] {dag.py:2371} INFO - Sync 1 DAGs
[2022-05-16 20:24:58,952] {logging_mixin.py:115} INFO - [2022-05-16 20:24:58,952] {dag.py:2919} INFO - Setting next_dagrun for tutorial to 2022-05-15T20:24:58.952664+00:00, run_after=2022-05-16T20:24:58.952664+00:00
[2022-05-16 20:24:58,964] {processor.py:161} INFO - Processing /home/airflow/.local/lib/python3.7/site-packages/airflow/example_dags/tutorial.py took 0.071 seconds
[2022-05-16 20:25:29,727] {processor.py:153} INFO - Started process (PID=445) to work on /home/airflow/.local/lib/python3.7/site-packages/airflow/example_dags/tutorial.py
[2022-05-16 20:25:29,729] {processor.py:641} INFO - Processing file /home/airflow/.local/lib/python3.7/site-packages/airflow/example_dags/tutorial.py for tasks to queue
[2022-05-16 20:25:29,731] {logging_mixin.py:115} INFO - [2022-05-16 20:25:29,731] {dagbag.py:507} INFO - Filling up the DagBag from /home/airflow/.local/lib/python3.7/site-packages/airflow/example_dags/tutorial.py
[2022-05-16 20:25:29,736] {processor.py:651} INFO - DAG(s) dict_keys(['tutorial']) retrieved from /home/airflow/.local/lib/python3.7/site-packages/airflow/example_dags/tutorial.py
[2022-05-16 20:25:29,758] {logging_mixin.py:115} INFO - [2022-05-16 20:25:29,758] {dag.py:2371} INFO - Sync 1 DAGs
[2022-05-16 20:25:29,771] {logging_mixin.py:115} INFO - [2022-05-16 20:25:29,771] {dag.py:2919} INFO - Setting next_dagrun for tutorial to 2022-05-15T20:25:29.771737+00:00, run_after=2022-05-16T20:25:29.771737+00:00
[2022-05-16 20:25:29,781] {processor.py:161} INFO - Processing /home/airflow/.local/lib/python3.7/site-packages/airflow/example_dags/tutorial.py took 0.057 seconds
[2022-05-16 20:26:00,423] {processor.py:153} INFO - Started process (PID=509) to work on /home/airflow/.local/lib/python3.7/site-packages/airflow/example_dags/tutorial.py
[2022-05-16 20:26:00,424] {processor.py:641} INFO - Processing file /home/airflow/.local/lib/python3.7/site-packages/airflow/example_dags/tutorial.py for tasks to queue
[2022-05-16 20:26:00,425] {logging_mixin.py:115} INFO - [2022-05-16 20:26:00,425] {dagbag.py:507} INFO - Filling up the DagBag from /home/airflow/.local/lib/python3.7/site-packages/airflow/example_dags/tutorial.py
[2022-05-16 20:26:00,435] {processor.py:651} INFO - DAG(s) dict_keys(['tutorial']) retrieved from /home/airflow/.local/lib/python3.7/site-packages/airflow/example_dags/tutorial.py
[2022-05-16 20:26:00,463] {logging_mixin.py:115} INFO - [2022-05-16 20:26:00,462] {dag.py:2371} INFO - Sync 1 DAGs
[2022-05-16 20:26:00,497] {logging_mixin.py:115} INFO - [2022-05-16 20:26:00,497] {dag.py:2919} INFO - Setting next_dagrun for tutorial to 2022-05-15T20:26:00.497371+00:00, run_after=2022-05-16T20:26:00.497371+00:00
[2022-05-16 20:26:00,518] {processor.py:161} INFO - Processing /home/airflow/.local/lib/python3.7/site-packages/airflow/example_dags/tutorial.py took 0.098 seconds
[2022-05-16 20:26:30,793] {processor.py:153} INFO - Started process (PID=564) to work on /home/airflow/.local/lib/python3.7/site-packages/airflow/example_dags/tutorial.py
[2022-05-16 20:26:30,795] {processor.py:641} INFO - Processing file /home/airflow/.local/lib/python3.7/site-packages/airflow/example_dags/tutorial.py for tasks to queue
[2022-05-16 20:26:30,796] {logging_mixin.py:115} INFO - [2022-05-16 20:26:30,796] {dagbag.py:507} INFO - Filling up the DagBag from /home/airflow/.local/lib/python3.7/site-packages/airflow/example_dags/tutorial.py
[2022-05-16 20:26:30,801] {processor.py:651} INFO - DAG(s) dict_keys(['tutorial']) retrieved from /home/airflow/.local/lib/python3.7/site-packages/airflow/example_dags/tutorial.py
[2022-05-16 20:26:30,823] {logging_mixin.py:115} INFO - [2022-05-16 20:26:30,823] {dag.py:2371} INFO - Sync 1 DAGs
[2022-05-16 20:26:30,839] {logging_mixin.py:115} INFO - [2022-05-16 20:26:30,839] {dag.py:2919} INFO - Setting next_dagrun for tutorial to 2022-05-15T20:26:30.839023+00:00, run_after=2022-05-16T20:26:30.839023+00:00
[2022-05-16 20:26:30,854] {processor.py:161} INFO - Processing /home/airflow/.local/lib/python3.7/site-packages/airflow/example_dags/tutorial.py took 0.063 seconds
